<?xml version="1.0" encoding="UTF-8"?>
<robot generator="Robot 7.3.2 (Python 3.12.3 on linux)" generated="2025-08-05T13:50:29.532117" rpa="false" schemaversion="5">
<suite id="s1" name="Tests" source="/home/errol-john/Documents/capsure-automation-tests/tests">
<suite id="s1-s1" name="Admin" source="/home/errol-john/Documents/capsure-automation-tests/tests/admin">
<suite id="s1-s1-s1" name="Account-Management" source="/home/errol-john/Documents/capsure-automation-tests/tests/admin/account-management.robot">
<test id="s1-s1-s1-t1" name="Login As Admin" line="7">
<kw name="Open Browser" owner="SeleniumLibrary">
<msg time="2025-08-05T13:50:29.854495" level="INFO">Opening browser 'Chrome' to base url 'http://localhost/admin/login'.</msg>
<arg>${ADMIN_URL}</arg>
<arg>${BROWSER}</arg>
<doc>Opens a new browser instance to the optional ``url``.</doc>
<status status="PASS" start="2025-08-05T13:50:29.854025" elapsed="2.272329"/>
</kw>
<kw name="Input Text" owner="SeleniumLibrary">
<msg time="2025-08-05T13:50:32.127732" level="INFO">Typing text 'admin@gmail.com' into text field 'id=data.email'.</msg>
<arg>id=data.email</arg>
<arg>${ADMIN_EMAIL}</arg>
<doc>Types the given ``text`` into the text field identified by ``locator``.</doc>
<status status="PASS" start="2025-08-05T13:50:32.127027" elapsed="0.172712"/>
</kw>
<kw name="Input Text" owner="SeleniumLibrary">
<msg time="2025-08-05T13:50:32.300608" level="INFO">Typing text 'admin 1234!' into text field 'id=data.password'.</msg>
<arg>id=data.password</arg>
<arg>${ADMIN_PASSWORD}</arg>
<doc>Types the given ``text`` into the text field identified by ``locator``.</doc>
<status status="PASS" start="2025-08-05T13:50:32.300211" elapsed="0.145038"/>
</kw>
<kw name="Click Button" owner="SeleniumLibrary">
<msg time="2025-08-05T13:50:32.446044" level="INFO">Clicking button 'xpath=//button[@type='submit']'.</msg>
<arg>xpath=//button[@type='submit']</arg>
<doc>Clicks the button identified by ``locator``.</doc>
<status status="PASS" start="2025-08-05T13:50:32.445601" elapsed="0.152853"/>
</kw>
<kw name="Wait Until Page Contains Element" owner="SeleniumLibrary">
<arg>xpath=//h1[contains(text(), 'Dashboard')]</arg>
<doc>Waits until the element ``locator`` appears on the current page.</doc>
<status status="PASS" start="2025-08-05T13:50:32.599019" elapsed="1.034152"/>
</kw>
<kw name="Capture Overwrite Screenshot" owner="common">
<kw name="Run Keyword And Ignore Error" owner="BuiltIn">
<kw name="Remove File" owner="OperatingSystem">
<msg time="2025-08-05T13:50:33.635056" level="INFO" html="true">Removed file '&lt;a href="file:///home/errol-john/Documents/capsure-automation-tests/screenshots/admin/successful_login_admin.png"&gt;/home/errol-john/Documents/capsure-automation-tests/screenshots/admin/successful_login_admin.png&lt;/a&gt;'.</msg>
<arg>${screenshot_path}</arg>
<doc>Removes a file with the given path.</doc>
<status status="PASS" start="2025-08-05T13:50:33.634675" elapsed="0.000471"/>
</kw>
<arg>Remove File</arg>
<arg>${screenshot_path}</arg>
<doc>Runs the given keyword with the given arguments and ignores possible error.</doc>
<status status="PASS" start="2025-08-05T13:50:33.634432" elapsed="0.000812"/>
</kw>
<kw name="Capture Page Screenshot" owner="SeleniumLibrary">
<msg time="2025-08-05T13:50:33.940563" level="INFO" html="true">&lt;/td&gt;&lt;/tr&gt;&lt;tr&gt;&lt;td colspan="3"&gt;&lt;a href="screenshots/admin/successful_login_admin.png"&gt;&lt;img src="screenshots/admin/successful_login_admin.png" width="800px"&gt;&lt;/a&gt;</msg>
<arg>${screenshot_path}</arg>
<doc>Takes a screenshot of the current page and embeds it into a log file.</doc>
<status status="PASS" start="2025-08-05T13:50:33.635418" elapsed="0.305295"/>
</kw>
<arg>screenshots/admin/successful_login_admin.png</arg>
<doc>This keyword captures a screenshot and overwrites the existing one.</doc>
<status status="PASS" start="2025-08-05T13:50:33.633856" elapsed="0.307018"/>
</kw>
<kw name="Close Browser" owner="SeleniumLibrary">
<doc>Closes the current browser.</doc>
<status status="PASS" start="2025-08-05T13:50:33.941133" elapsed="0.117743"/>
</kw>
<doc>ID:  TC_ADMIN_001a | Login with valid admin credentials</doc>
<status status="PASS" start="2025-08-05T13:50:29.851932" elapsed="4.207389"/>
</test>
<status status="PASS" start="2025-08-05T13:50:29.568521" elapsed="4.491511"/>
</suite>
<status status="PASS" start="2025-08-05T13:50:29.567259" elapsed="4.493548"/>
</suite>
<suite id="s1-s2" name="Client" source="/home/errol-john/Documents/capsure-automation-tests/tests/client">
<suite id="s1-s2-s1" name="Account-Management" source="/home/errol-john/Documents/capsure-automation-tests/tests/client/account-management.robot">
<test id="s1-s2-s1-t1" name="Sign Up Flow" line="11">
<kw name="Sign Up Options" owner="common">
<kw name="Open Browser To Application" owner="common">
<kw name="Open Browser" owner="SeleniumLibrary">
<msg time="2025-08-05T13:50:34.076983" level="INFO">Opening browser 'Chrome' to base url 'http://localhost/choose'.</msg>
<arg>${BASE_URL}/${target_url}</arg>
<arg>${BROWSER}</arg>
<doc>Opens a new browser instance to the optional ``url``.</doc>
<status status="PASS" start="2025-08-05T13:50:34.076127" elapsed="2.266159"/>
</kw>
<kw name="Maximize Browser Window" owner="SeleniumLibrary">
<doc>Maximizes current browser window.</doc>
<status status="PASS" start="2025-08-05T13:50:36.342572" elapsed="0.043886"/>
</kw>
<kw name="Log" owner="BuiltIn">
<msg time="2025-08-05T13:50:36.387022" level="INFO">Opened browser to http://localhost</msg>
<arg>Opened browser to ${BASE_URL}</arg>
<doc>Logs the given message with the given level.</doc>
<status status="PASS" start="2025-08-05T13:50:36.386752" elapsed="0.000337"/>
</kw>
<arg>choose</arg>
<doc>This keyword opens the browser to the application base URL plus the desired target URL.</doc>
<status status="PASS" start="2025-08-05T13:50:34.075648" elapsed="2.311559"/>
</kw>
<kw name="Element Should Be Visible" owner="SeleniumLibrary">
<msg time="2025-08-05T13:50:36.427192" level="INFO">Element 'xpath=//span[normalize-space(.)='Choose to Sign Up']' is displayed.</msg>
<arg>xpath=//span[normalize-space(.)='Choose to Sign Up']</arg>
<doc>Verifies that the element identified by ``locator`` is visible.</doc>
<status status="PASS" start="2025-08-05T13:50:36.387384" elapsed="0.039935"/>
</kw>
<if>
<branch type="IF" condition="$user_type == 'freelancer'">
<kw name="Click Element" owner="SeleniumLibrary">
<arg>css=[data-page="freelancer"]</arg>
<doc>Click the element identified by ``locator``.</doc>
<status status="NOT RUN" start="2025-08-05T13:50:36.427883" elapsed="0.000043"/>
</kw>
<status status="NOT RUN" start="2025-08-05T13:50:36.427515" elapsed="0.000468"/>
</branch>
<branch type="ELSE">
<kw name="Click Element" owner="SeleniumLibrary">
<msg time="2025-08-05T13:50:36.428427" level="INFO">Clicking element 'css=[data-page="client"]'.</msg>
<arg>css=[data-page="client"]</arg>
<doc>Click the element identified by ``locator``.</doc>
<status status="PASS" start="2025-08-05T13:50:36.428177" elapsed="0.126783"/>
</kw>
<status status="PASS" start="2025-08-05T13:50:36.428043" elapsed="0.127078"/>
</branch>
<status status="PASS" start="2025-08-05T13:50:36.427448" elapsed="0.127775"/>
</if>
<kw name="Click Button" owner="SeleniumLibrary">
<msg time="2025-08-05T13:50:36.555747" level="INFO">Clicking button 'id=continueBtn'.</msg>
<arg>id=continueBtn</arg>
<doc>Clicks the button identified by ``locator``.</doc>
<status status="PASS" start="2025-08-05T13:50:36.555495" elapsed="0.686087"/>
</kw>
<kw name="Log" owner="BuiltIn">
<msg time="2025-08-05T13:50:37.242042" level="INFO">Navigated to Sign Up page</msg>
<arg>Navigated to Sign Up page</arg>
<doc>Logs the given message with the given level.</doc>
<status status="PASS" start="2025-08-05T13:50:37.241862" elapsed="0.000243"/>
</kw>
<arg>client</arg>
<doc>This keyword navigates to the sign-up options page.</doc>
<status status="PASS" start="2025-08-05T13:50:34.074933" elapsed="3.167265"/>
</kw>
<kw name="Client Sign Up Flow" owner="client-common">
<kw name="Fill Base Data Sign Up" owner="client-common">
<kw name="Input Text" owner="SeleniumLibrary">
<msg time="2025-08-05T13:50:37.243529" level="INFO">Typing text 'Red' into text field 'id=first_name'.</msg>
<arg>id=first_name</arg>
<arg>Red</arg>
<doc>Types the given ``text`` into the text field identified by ``locator``.</doc>
<status status="PASS" start="2025-08-05T13:50:37.243251" elapsed="0.137086"/>
</kw>
<kw name="Input Password" owner="SeleniumLibrary">
<msg time="2025-08-05T13:50:37.380891" level="INFO">Typing password into text field 'id=last_name'.</msg>
<msg time="2025-08-05T13:50:37.441413" level="INFO">Temporally setting log level to: NONE</msg>
<arg>id=last_name</arg>
<arg>Wyvern</arg>
<doc>Types the given password into the text field identified by ``locator``.</doc>
<status status="PASS" start="2025-08-05T13:50:37.380617" elapsed="0.145541"/>
</kw>
<kw name="Input Text" owner="SeleniumLibrary">
<msg time="2025-08-05T13:50:37.526719" level="INFO">Typing text 'redwyvern@example.com' into text field 'id=email'.</msg>
<arg>id=email</arg>
<arg>${CLIENT_SIGNUP_EMAIL}</arg>
<doc>Types the given ``text`` into the text field identified by ``locator``.</doc>
<status status="PASS" start="2025-08-05T13:50:37.526400" elapsed="0.138730"/>
</kw>
<kw name="Input Password" owner="SeleniumLibrary">
<msg time="2025-08-05T13:50:37.665897" level="INFO">Typing password into text field 'id=password'.</msg>
<msg time="2025-08-05T13:50:37.728508" level="INFO">Temporally setting log level to: NONE</msg>
<arg>id=password</arg>
<arg>${CLIENT_SIGNUP_PASSWORD}</arg>
<doc>Types the given password into the text field identified by ``locator``.</doc>
<status status="PASS" start="2025-08-05T13:50:37.665539" elapsed="0.151883"/>
</kw>
<kw name="Input Password" owner="SeleniumLibrary">
<msg time="2025-08-05T13:50:37.818015" level="INFO">Typing password into text field 'id=password_confirmation'.</msg>
<msg time="2025-08-05T13:50:37.884874" level="INFO">Temporally setting log level to: NONE</msg>
<arg>id=password_confirmation</arg>
<arg>${CLIENT_SIGNUP_PASSWORD}</arg>
<doc>Types the given password into the text field identified by ``locator``.</doc>
<status status="PASS" start="2025-08-05T13:50:37.817713" elapsed="0.150704"/>
</kw>
<kw name="Select From List By Value" owner="SeleniumLibrary">
<msg time="2025-08-05T13:50:37.968938" level="INFO">Selecting options from selection list 'id=birth_month' by value 2.</msg>
<arg>id=birth_month</arg>
<arg>2</arg>
<doc>Selects options from selection list ``locator`` by ``values``.</doc>
<status status="PASS" start="2025-08-05T13:50:37.968681" elapsed="0.128998"/>
</kw>
<kw name="Select From List By Value" owner="SeleniumLibrary">
<msg time="2025-08-05T13:50:38.098295" level="INFO">Selecting options from selection list 'id=birth_day' by value 15.</msg>
<arg>id=birth_day</arg>
<arg>15</arg>
<doc>Selects options from selection list ``locator`` by ``values``.</doc>
<status status="PASS" start="2025-08-05T13:50:38.097994" elapsed="0.114136"/>
</kw>
<kw name="Select From List By Value" owner="SeleniumLibrary">
<msg time="2025-08-05T13:50:38.212675" level="INFO">Selecting options from selection list 'id=birth_year' by value 2002.</msg>
<arg>id=birth_year</arg>
<arg>2002</arg>
<doc>Selects options from selection list ``locator`` by ``values``.</doc>
<status status="PASS" start="2025-08-05T13:50:38.212387" elapsed="0.115667"/>
</kw>
<kw name="Input Text" owner="SeleniumLibrary">
<msg time="2025-08-05T13:50:38.328572" level="INFO">Typing text 'St. 123' into text field 'id=street'.</msg>
<arg>id=street</arg>
<arg>St. 123</arg>
<doc>Types the given ``text`` into the text field identified by ``locator``.</doc>
<status status="PASS" start="2025-08-05T13:50:38.328296" elapsed="0.138396"/>
</kw>
<kw name="Input Text" owner="SeleniumLibrary">
<msg time="2025-08-05T13:50:38.467344" level="INFO">Typing text 'Barangay 123' into text field 'id=barangay'.</msg>
<arg>id=barangay</arg>
<arg>Barangay 123</arg>
<doc>Types the given ``text`` into the text field identified by ``locator``.</doc>
<status status="PASS" start="2025-08-05T13:50:38.467049" elapsed="0.142615"/>
</kw>
<kw name="Input Text" owner="SeleniumLibrary">
<msg time="2025-08-05T13:50:38.610162" level="INFO">Typing text 'CityVille' into text field 'id=city'.</msg>
<arg>id=city</arg>
<arg>CityVille</arg>
<doc>Types the given ``text`` into the text field identified by ``locator``.</doc>
<status status="PASS" start="2025-08-05T13:50:38.609905" elapsed="0.141116"/>
</kw>
<status status="PASS" start="2025-08-05T13:50:37.242963" elapsed="1.508203"/>
</kw>
<kw name="Click Element" owner="SeleniumLibrary">
<msg time="2025-08-05T13:50:38.751625" level="INFO">Clicking element 'xpath=//button[@type='submit']'.</msg>
<arg>xpath=//button[@type='submit']</arg>
<doc>Click the element identified by ``locator``.</doc>
<status status="PASS" start="2025-08-05T13:50:38.751352" elapsed="6.226472"/>
</kw>
<kw name="Wait Until Location Contains" owner="SeleniumLibrary">
<arg>verify</arg>
<arg>timeout=20s</arg>
<doc>Waits until the current URL contains ``expected``.</doc>
<status status="PASS" start="2025-08-05T13:50:44.978376" elapsed="0.015877"/>
</kw>
<kw name="Wait For Verification Email And Get Link" owner="common">
<kw name="Create Dictionary" owner="BuiltIn">
<msg time="2025-08-05T13:50:44.996499" level="INFO">${auth_header} = {'Authorization': 'Bearer 5c391e9236394e86cf5f51d88f84687b'}</msg>
<var>${auth_header}</var>
<arg>Authorization=Bearer ${API_TOKEN}</arg>
<doc>Creates and returns a dictionary based on the given ``items``.</doc>
<status status="PASS" start="2025-08-05T13:50:44.995621" elapsed="0.000932"/>
</kw>
<kw name="Create Session" owner="RequestsLibrary">
<msg time="2025-08-05T13:50:44.997151" level="INFO">Creating Session using : alias=mailtrap, url=https://mailtrap.io/api/accounts/2019161, headers={'Authorization': 'Bearer 5c391e9236394e86cf5f51d88f84687b'},                     cookies={}, auth=None, timeout=None, proxies=None, verify=True,                     debug=0 </msg>
<arg>mailtrap</arg>
<arg>https://mailtrap.io/api/accounts/${ACCOUNT_ID}</arg>
<arg>headers=${auth_header}</arg>
<arg>verify=True</arg>
<doc>Create Session: create a HTTP session to a server</doc>
<status status="PASS" start="2025-08-05T13:50:44.996735" elapsed="0.000821"/>
</kw>
<kw name="Convert To Integer" owner="BuiltIn">
<msg time="2025-08-05T13:50:44.998694" level="INFO">${max} = 10</msg>
<var>${max}</var>
<arg>${timeout[:-1]}</arg>
<doc>Converts the given item to an integer number.</doc>
<status status="PASS" start="2025-08-05T13:50:44.997758" elapsed="0.000975"/>
</kw>
<for flavor="IN RANGE">
<iter>
<kw name="Sleep" owner="BuiltIn">
<msg time="2025-08-05T13:50:45.999962" level="INFO">Slept 1 second.</msg>
<arg>1s</arg>
<doc>Pauses the test executed for the given time.</doc>
<status status="PASS" start="2025-08-05T13:50:44.999510" elapsed="1.000698"/>
</kw>
<kw name="GET On Session" owner="RequestsLibrary">
<msg time="2025-08-05T13:50:47.338281" level="INFO">GET Request : url=https://mailtrap.io/api/accounts/2019161/inboxes/3072753/messages 
 path_url=/api/accounts/2019161/inboxes/3072753/messages 
 headers={'User-Agent': 'python-requests/2.32.4', 'Accept-Encoding': 'gzip, deflate', 'Accept': '*/*', 'Connection': 'keep-alive', 'Authorization': 'Bearer 5c391e9236394e86cf5f51d88f84687b'} 
 body=None 
 </msg>
<msg time="2025-08-05T13:50:47.338619" level="INFO">GET Response : url=https://mailtrap.io/api/accounts/2019161/inboxes/3072753/messages 
 status=200, reason=OK 
 headers={'Date': 'Tue, 05 Aug 2025 05:50:47 GMT', 'Content-Type': 'application/json; charset=utf-8', 'Transfer-Encoding': 'chunked', 'Connection': 'keep-alive', 'Server': 'cloudflare', 'Vary': 'Accept-Encoding, Accept', 'X-Frame-Options': 'SAMEORIGIN', 'X-Xss-Protection': '1; mode=block', 'X-Content-Type-Options': 'nosniff', 'X-Download-Options': 'noopen', 'X-Permitted-Cross-Domain-Policies': 'none', 'Referrer-Policy': 'strict-origin-when-cross-origin', 'Etag': 'W/"920d89d65cc3d46464154fcc35899b28"', 'Cache-Control': 'max-age=0, private, must-revalidate', 'X-Mailtrap-Version': 'v2', 'X-Ratelimit-Limit': '150', 'X-Ratelimit-Remaining': '149', 'Content-Security-Policy': "default-src 'self'; style-src 'self' data: blob: 'unsafe-inline' assets.mailtrap.io www.googletagmanager.com fonts.googleapis.com; font-src 'self' data: blob: 'unsafe-inline' assets.mailtrap.io static.hsappstatic.net fonts.gstatic.cn fonts.gstatic.com *.s-microsoft.com use.typekit.net; script-src 'self' data: blob: assets.mailtrap.io *.cookiebot.com www.clarity.ms *.doubleclick.net *.googlesyndication.com *.googletagmanager.com www.googleadservices.com www.google.com beacon-v2.helpscout.net js.hs-analytics.net js.hs-banner.com js.hs-scripts.com cdn.firstpromoter.com connect.facebook.net www.recaptcha.net www.gstatic.cn www.gstatic.com *.quora.com static.ads-twitter.com snap.licdn.com *.growthbook.io translate.google.com 'nonce-js-wRmxdv7ea6hD8/ncLe2OIQ=='; connect-src 'self' assets.mailtrap.io wss://mailtrap.io *.google.com *.google.ad *.google.ae *.google.com.af *.google.com.ag *.google.al *.google.am *.google.co.ao *.google.com.ar *.google.as *.google.at *.google.com.au *.google.az *.google.ba *.google.com.bd *.google.be *.google.bf *.google.bg *.google.com.bh *.google.bi *.google.bj *.google.com.bn *.google.com.bo *.google.com.br *.google.bs *.google.bt *.google.co.bw *.google.by *.google.com.bz *.google.ca *.google.cd *.google.cf *.google.cg *.google.ch *.google.ci *.google.co.ck *.google.cl *.google.cm *.google.cn *.google.com.co *.google.co.cr *.google.com.cu *.google.cv *.google.com.cy *.google.cz *.google.de *.google.dj *.google.dk *.google.dm *.google.com.do *.google.dz *.google.com.ec *.google.ee *.google.com.eg *.google.es *.google.com.et *.google.fi *.google.com.fj *.google.fm *.google.fr *.google.ga *.google.ge *.google.gg *.google.com.gh *.google.com.gi *.google.gl *.google.gm *.google.gr *.google.com.gt *.google.gy *.google.com.hk *.google.hn *.google.hr *.google.ht *.google.hu *.google.co.id *.google.ie *.google.co.il *.google.im *.google.co.in *.google.iq *.google.is *.google.it *.google.je *.google.com.jm *.google.jo *.google.co.jp *.google.co.ke *.google.com.kh *.google.ki *.google.kg *.google.co.kr *.google.com.kw *.google.kz *.google.la *.google.com.lb *.google.li *.google.lk *.google.co.ls *.google.lt *.google.lu *.google.lv *.google.com.ly *.google.co.ma *.google.md *.google.me *.google.mg *.google.mk *.google.ml *.google.com.mm *.google.mn *.google.com.mt *.google.mu *.google.mv *.google.mw *.google.com.mx *.google.com.my *.google.co.mz *.google.com.na *.google.com.ng *.google.com.ni *.google.ne *.google.nl *.google.no *.google.com.np *.google.nr *.google.nu *.google.co.nz *.google.com.om *.google.com.pa *.google.com.pe *.google.com.pg *.google.com.ph *.google.com.pk *.google.pl *.google.pn *.google.com.pr *.google.ps *.google.pt *.google.com.py *.google.com.qa *.google.ro *.google.ru *.google.rw *.google.com.sa *.google.com.sb *.google.sc *.google.se *.google.com.sg *.google.sh *.google.si *.google.sk *.google.com.sl *.google.sn *.google.so *.google.sm *.google.sr *.google.st *.google.com.sv *.google.td *.google.tg *.google.co.th *.google.com.tj *.google.tl *.google.tm *.google.tn *.google.to *.google.com.tr *.google.tt *.google.com.tw *.google.co.tz *.google.com.ua *.google.co.ug *.google.co.uk *.google.com.uy *.google.co.uz *.google.com.vc *.google.co.ve *.google.co.vi *.google.com.vn *.google.vu *.google.ws *.google.rs *.google.co.za *.google.co.zm *.google.co.zw *.google.cat errors.rw.rw *.cookiebot.com *.clarity.ms *.g.doubleclick.net *.googlesyndication.com *.googletagmanager.com www.google.com wss://ws-helpscout.pusher.com sockjs-helpscout.pusher.com *.helpscout.net *.firstpromoter.com connect.facebook.net *.facebook.com www.recaptcha.net *.analytics.google.com *.google-analytics.com *.quora.com *.linkedin.com analytics.twitter.com t.co/1/i/adsct *.growthbook.io meta-gateway.mailtrap.io translate-pa.googleapis.com; img-src 'self' data: blob: assets.mailtrap.io *.google.com *.google.ad *.google.ae *.google.com.af *.google.com.ag *.google.al *.google.am *.google.co.ao *.google.com.ar *.google.as *.google.at *.google.com.au *.google.az *.google.ba *.google.com.bd *.google.be *.google.bf *.google.bg *.google.com.bh *.google.bi *.google.bj *.google.com.bn *.google.com.bo *.google.com.br *.google.bs *.google.bt *.google.co.bw *.google.by *.google.com.bz *.google.ca *.google.cd *.google.cf *.google.cg *.google.ch *.google.ci *.google.co.ck *.google.cl *.google.cm *.google.cn *.google.com.co *.google.co.cr *.google.com.cu *.google.cv *.google.com.cy *.google.cz *.google.de *.google.dj *.google.dk *.google.dm *.google.com.do *.google.dz *.google.com.ec *.google.ee *.google.com.eg *.google.es *.google.com.et *.google.fi *.google.com.fj *.google.fm *.google.fr *.google.ga *.google.ge *.google.gg *.google.com.gh *.google.com.gi *.google.gl *.google.gm *.google.gr *.google.com.gt *.google.gy *.google.com.hk *.google.hn *.google.hr *.google.ht *.google.hu *.google.co.id *.google.ie *.google.co.il *.google.im *.google.co.in *.google.iq *.google.is *.google.it *.google.je *.google.com.jm *.google.jo *.google.co.jp *.google.co.ke *.google.com.kh *.google.ki *.google.kg *.google.co.kr *.google.com.kw *.google.kz *.google.la *.google.com.lb *.google.li *.google.lk *.google.co.ls *.google.lt *.google.lu *.google.lv *.google.com.ly *.google.co.ma *.google.md *.google.me *.google.mg *.google.mk *.google.ml *.google.com.mm *.google.mn *.google.com.mt *.google.mu *.google.mv *.google.mw *.google.com.mx *.google.com.my *.google.co.mz *.google.com.na *.google.com.ng *.google.com.ni *.google.ne *.google.nl *.google.no *.google.com.np *.google.nr *.google.nu *.google.co.nz *.google.com.om *.google.com.pa *.google.com.pe *.google.com.pg *.google.com.ph *.google.com.pk *.google.pl *.google.pn *.google.com.pr *.google.ps *.google.pt *.google.com.py *.google.com.qa *.google.ro *.google.ru *.google.rw *.google.com.sa *.google.com.sb *.google.sc *.google.se *.google.com.sg *.google.sh *.google.si *.google.sk *.google.com.sl *.google.sn *.google.so *.google.sm *.google.sr *.google.st *.google.com.sv *.google.td *.google.tg *.google.co.th *.google.com.tj *.google.tl *.google.tm *.google.tn *.google.to *.google.com.tr *.google.tt *.google.com.tw *.google.co.tz *.google.com.ua *.google.co.ug *.google.co.uk *.google.com.uy *.google.co.uz *.google.com.vc *.google.co.ve *.google.co.vi *.google.com.vn *.google.vu *.google.ws *.google.rs *.google.co.za *.google.co.zm *.google.co.zw *.google.cat *.cookiebot.com *.clarity.ms *.doubleclick.net *.googlesyndication.com *.googletagmanager.com *.google.com track.hubspot.com *.facebook.com *.facebook.net *.analytics.google.com *.google-analytics.com *.quora.com *.linkedin.com analytics.twitter.com t.co/1/i/adsct secure.gravatar.com; frame-src 'self' consentcdn.cookiebot.com td.doubleclick.net www.googletagmanager.com www.facebook.com www.recaptcha.net translate.googleapis.com; frame-ancestors 'self'; media-src 'self' data: blob: beacon-v2.helpscout.net ssl.gstatic.com; object-src 'self' beacon-v2.helpscout.net; report-uri https://errors.rw.rw/api/37/security/?sentry_key=5a0cc8a2cb4f49a8b9043c602e4ec0ab", 'X-Request-Id': '69010079-5035-4d7f-9802-2a894f8bcb1f', 'X-Runtime': '0.041286', 'X-Cloud-Trace-Context': '31bcbc2956be49d5c345e5d4caa83d46;o=0', 'Strict-Transport-Security': 'max-age=0', 'Content-Encoding': 'gzip', 'Cf-Cache-Status': 'DYNAMIC', 'CF-RAY': '96a404d3fa25107e-HKG', 'alt-svc': 'h3=":443"; ma=86400'} 
 body=[{"id":5024634468,"inbox_id":3072753,"subject":"Verify Email Address","sent_at":"2025-08-05T05:50:44.000Z","from_email":"hello@example.com","from_name":"Capsure","to_email":"redwyvern@example.com","to_name":"","email_size":13192,"is_read":false,"created_at":"2025-08-05T05:50:44.601Z","updated_at":"2025-08-05T05:50:44.656Z","template_id":null,"template_variables":null,"html_body_size":11282,"text_body_size":872,"human_size":"13 KB","html_path":"/api/testing_message_parts/QEVuQwFAEACQEXKM3bNNbZw1LJDn%2FEmsS2HkGHuGQpUequhg5NQDtg++TguvEXYWUbaJS6rUA0RbJsFLVWkA4R+TAXsIim4KJiY7ThWLuxj3DnYTSlbnCsJVA%2FFlnLu%2Fjj14ExMAZA0=/body.html","txt_path":"/api/testing_message_parts/QEVuQwFAEACQEXKM3bNNbZw1LJDn%2FEmsS2HkGHuGQpUequhg5NQDtg++TguvEXYWUbaJS6rUA0RbJsFLVWkA4R+TAXsIim4KJiY7ThWLuxj3DnYTSlbnCsJVA%2FFlnLu%2Fjj14ExMAZA0=/body.txt","raw_path":"/api/testing_message_parts/QEVuQwFAEACQEXKM3bNNbZw1LJDn%2FEmsS2HkGHuGQpUequhg5NQDtg++TguvEXYWUbaJS6rUA0RbJsFLVWkA4R+TAXsIim4KJiY7ThWLuxj3DnYTSlbnCsJVA%2FFlnLu%2Fjj14ExMAZA0=/body.raw","download_path":"/api/testing_message_parts/QEVuQwFAEACQEXKM3bNNbZw1LJDn%2FEmsS2HkGHuGQpUequhg5NQDtg++TguvEXYWUbaJS6rUA0RbJsFLVWkA4R+TAXsIim4KJiY7ThWLuxj3DnYTSlbnCsJVA%2FFlnLu%2Fjj14ExMAZA0=/body.eml","html_source_path":"/api/testing_message_parts/QEVuQwFAEACQEXKM3bNNbZw1LJDn%2FEmsS2HkGHuGQpUequhg5NQDtg++TguvEXYWUbaJS6rUA0RbJsFLVWkA4R+TAXsIim4KJiY7ThWLuxj3DnYTSlbnCsJVA%2FFlnLu%2Fjj14ExMAZA0=/body.htmlsource","blacklists_report_info":{"result":"success","domain":"example.com","ip":"96.7.128.175","report":[{"name":"BACKSCATTERER","url":"http://www.backscatterer.org/index.php","in_black_list":false},{"name":"BARRACUDA","url":"http://barracudacentral.org/rbl","in_black_list":false},{"name":"Spamrbl IMP-SPAM","url":"http://antispam.imp.ch/?lng=1","in_black_list":false},{"name":"Wormrbl IMP-SPAM","url":"http://antispam.imp.ch/?lng=1","in_black_list":false},{"name":"LASHBACK","url":"http://blacklist.lashback.com/","in_black_list":false},{"name":"NIXSPAM","url":"https://www.heise.de/ix/NiX-Spam-DNSBL-and-blacklist-for-download-499637.html","in_black_list":false},{"name":"PSBL","url":"https://psbl.org/","in_black_list":false},{"name":"SORBS-SPAM","url":"http://www.sorbs.net/lookup.shtml","in_black_list":false},{"name":"SPAMCOP","url":"http://spamcop.net/bl.shtml","in_black_list":false},{"name":"TRUNCATE","url":"http://www.gbudb.com/truncate/index.jsp","in_black_list":false}]},"smtp_information":{"ok":false}},{"id":5024625938,"inbox_id":3072753,"subject":"Verify Email Address","sent_at":"2025-08-05T05:42:32.000Z","from_email":"hello@example.com","from_name":"Capsure","to_email":"redwyvern@example.com","to_name":"","email_size":13192,"is_read":false,"created_at":"2025-08-05T05:42:32.717Z","updated_at":"2025-08-05T05:42:32.892Z","template_id":null,"template_variables":null,"html_body_size":11282,"text_body_size":872,"human_size":"13 KB","html_path":"/api/testing_message_parts/QEVuQwFAEACBgwu00YkujeQ1J43aLindkJdVHDfxxbd4Hi7mmdEHJwkUerbmpIWyG0k8K+AFRQcsYFdkM6zP4MA3tjDuyqr18eIt3de535yj1Y56jyvyKqznJwIPzstPwE1szzqtfv8=/body.html","txt_path":"/api/testing_message_parts/QEVuQwFAEACBgwu00YkujeQ1J43aLindkJdVHDfxxbd4Hi7mmdEHJwkUerbmpIWyG0k8K+AFRQcsYFdkM6zP4MA3tjDuyqr18eIt3de535yj1Y56jyvyKqznJwIPzstPwE1szzqtfv8=/body.txt","raw_path":"/api/testing_message_parts/QEVuQwFAEACBgwu00YkujeQ1J43aLindkJdVHDfxxbd4Hi7mmdEHJwkUerbmpIWyG0k8K+AFRQcsYFdkM6zP4MA3tjDuyqr18eIt3de535yj1Y56jyvyKqznJwIPzstPwE1szzqtfv8=/body.raw","download_path":"/api/testing_message_parts/QEVuQwFAEACBgwu00YkujeQ1J43aLindkJdVHDfxxbd4Hi7mmdEHJwkUerbmpIWyG0k8K+AFRQcsYFdkM6zP4MA3tjDuyqr18eIt3de535yj1Y56jyvyKqznJwIPzstPwE1szzqtfv8=/body.eml","html_source_path":"/api/testing_message_parts/QEVuQwFAEACBgwu00YkujeQ1J43aLindkJdVHDfxxbd4Hi7mmdEHJwkUerbmpIWyG0k8K+AFRQcsYFdkM6zP4MA3tjDuyqr18eIt3de535yj1Y56jyvyKqznJwIPzstPwE1szzqtfv8=/body.htmlsource","blacklists_report_info":{"result":"success","domain":"example.com","ip":"96.7.128.198","report":[{"name":"BACKSCATTERER","url":"http://www.backscatterer.org/index.php","in_black_list":false},{"name":"BARRACUDA","url":"http://barracudacentral.org/rbl","in_black_list":false},{"name":"Spamrbl IMP-SPAM","url":"http://antispam.imp.ch/?lng=1","in_black_list":false},{"name":"Wormrbl IMP-SPAM","url":"http://antispam.imp.ch/?lng=1","in_black_list":false},{"name":"LASHBACK","url":"http://blacklist.lashback.com/","in_black_list":false},{"name":"NIXSPAM","url":"https://www.heise.de/ix/NiX-Spam-DNSBL-and-blacklist-for-download-499637.html","in_black_list":false},{"name":"PSBL","url":"https://psbl.org/","in_black_list":false},{"name":"SORBS-SPAM","url":"http://www.sorbs.net/lookup.shtml","in_black_list":false},{"name":"SPAMCOP","url":"http://spamcop.net/bl.shtml","in_black_list":false},{"name":"TRUNCATE","url":"http://www.gbudb.com/truncate/index.jsp","in_black_list":false}]},"smtp_information":{"ok":false}},{"id":5024616883,"inbox_id":3072753,"subject":"Verify Email Address","sent_at":"2025-08-05T05:35:40.000Z","from_email":"hello@example.com","from_name":"Capsure","to_email":"erererere@gmail.com","to_name":"","email_size":13190,"is_read":false,"created_at":"2025-08-05T05:35:40.966Z","updated_at":"2025-08-05T05:35:41.152Z","template_id":null,"template_variables":null,"html_body_size":11282,"text_body_size":872,"human_size":"13 KB","html_path":"/api/testing_message_parts/QEVuQwFAEAAwls9Rw7ybXDNWQxOIwUon5s6jRVprsvas+W4iz0OLGQCsIsGWA67E8LCqm7ifVoA7dlvnQbNuc9HHh4hGfBx9vqQ3Sp1nPw1JJbALJRM15uT0Lh08J4Wyri8L4VH6VqU=/body.html","txt_path":"/api/testing_message_parts/QEVuQwFAEAAwls9Rw7ybXDNWQxOIwUon5s6jRVprsvas+W4iz0OLGQCsIsGWA67E8LCqm7ifVoA7dlvnQbNuc9HHh4hGfBx9vqQ3Sp1nPw1JJbALJRM15uT0Lh08J4Wyri8L4VH6VqU=/body.txt","raw_path":"/api/testing_message_parts/QEVuQwFAEAAwls9Rw7ybXDNWQxOIwUon5s6jRVprsvas+W4iz0OLGQCsIsGWA67E8LCqm7ifVoA7dlvnQbNuc9HHh4hGfBx9vqQ3Sp1nPw1JJbALJRM15uT0Lh08J4Wyri8L4VH6VqU=/body.raw","download_path":"/api/testing_message_parts/QEVuQwFAEAAwls9Rw7ybXDNWQxOIwUon5s6jRVprsvas+W4iz0OLGQCsIsGWA67E8LCqm7ifVoA7dlvnQbNuc9HHh4hGfBx9vqQ3Sp1nPw1JJbALJRM15uT0Lh08J4Wyri8L4VH6VqU=/body.eml","html_source_path":"/api/testing_message_parts/QEVuQwFAEAAwls9Rw7ybXDNWQxOIwUon5s6jRVprsvas+W4iz0OLGQCsIsGWA67E8LCqm7ifVoA7dlvnQbNuc9HHh4hGfBx9vqQ3Sp1nPw1JJbALJRM15uT0Lh08J4Wyri8L4VH6VqU=/body.htmlsource","blacklists_report_info":{"result":"success","domain":"example.com","ip":"96.7.128.198","report":[{"name":"BACKSCATTERER","url":"http://www.backscatterer.org/index.php","in_black_list":false},{"name":"BARRACUDA","url":"http://barracudacentral.org/rbl","in_black_list":false},{"name":"Spamrbl IMP-SPAM","url":"http://antispam.imp.ch/?lng=1","in_black_list":false},{"name":"Wormrbl IMP-SPAM","url":"http://antispam.imp.ch/?lng=1","in_black_list":false},{"name":"LASHBACK","url":"http://blacklist.lashback.com/","in_black_list":false},{"name":"NIXSPAM","url":"https://www.heise.de/ix/NiX-Spam-DNSBL-and-blacklist-for-download-499637.html","in_black_list":false},{"name":"PSBL","url":"https://psbl.org/","in_black_list":false},{"name":"SORBS-SPAM","url":"http://www.sorbs.net/lookup.shtml","in_black_list":false},{"name":"SPAMCOP","url":"http://spamcop.net/bl.shtml","in_black_list":false},{"name":"TRUNCATE","url":"http://www.gbudb.com/truncate/index.jsp","in_black_list":false}]},"smtp_information":{"ok":false}},{"id":5024605014,"inbox_id":3072753,"subject":"Verify Email Address","sent_at":"2025-08-05T05:27:52.000Z","from_email":"hello@example.com","from_name":"Capsure","to_email":"daisysoares@example.com","to_name":"","email_size":13194,"is_read":false,"created_at":"2025-08-05T05:27:52.911Z","updated_at":"2025-08-05T05:27:53.108Z","template_id":null,"template_variables":null,"html_body_size":11282,"text_body_size":872,"human_size":"13 KB","html_path":"/api/testing_message_parts/QEVuQwFAEAB37xC61LbmvLxrCAYpYAIPolnEjRuzvbS%2FD9WVQY%2FWPK%2FMf340EWnsq7cPD6XjdCzl%2FkBIXnLajB65kVTkFQkCdIcIg8vr5MZpTiQOv4yNJ3bf36IzpWohcpoXhMohkOU=/body.html","txt_path":"/api/testing_message_parts/QEVuQwFAEAB37xC61LbmvLxrCAYpYAIPolnEjRuzvbS%2FD9WVQY%2FWPK%2FMf340EWnsq7cPD6XjdCzl%2FkBIXnLajB65kVTkFQkCdIcIg8vr5MZpTiQOv4yNJ3bf36IzpWohcpoXhMohkOU=/body.txt","raw_path":"/api/testing_message_parts/QEVuQwFAEAB37xC61LbmvLxrCAYpYAIPolnEjRuzvbS%2FD9WVQY%2FWPK%2FMf340EWnsq7cPD6XjdCzl%2FkBIXnLajB65kVTkFQkCdIcIg8vr5MZpTiQOv4yNJ3bf36IzpWohcpoXhMohkOU=/body.raw","download_path":"/api/testing_message_parts/QEVuQwFAEAB37xC61LbmvLxrCAYpYAIPolnEjRuzvbS%2FD9WVQY%2FWPK%2FMf340EWnsq7cPD6XjdCzl%2FkBIXnLajB65kVTkFQkCdIcIg8vr5MZpTiQOv4yNJ3bf36IzpWohcpoXhMohkOU=/body.eml","html_source_path":"/api/testing_message_parts/QEVuQwFAEAB37xC61LbmvLxrCAYpYAIPolnEjRuzvbS%2FD9WVQY%2FWPK%2FMf340EWnsq7cPD6XjdCzl%2FkBIXnLajB65kVTkFQkCdIcIg8vr5MZpTiQOv4yNJ3bf36IzpWohcpoXhMohkOU=/body.htmlsource","blacklists_report_info":{"result":"success","domain":"example.com","ip":"23.215.0.136","report":[{"name":"BACKSCATTERER","url":"http://www.backscatterer.org/index.php","in_black_list":false},{"name":"BARRACUDA","url":"http://barracudacentral.org/rbl","in_black_list":false},{"name":"Spamrbl IMP-SPAM","url":"http://antispam.imp.ch/?lng=1","in_black_list":false},{"name":"Wormrbl IMP-SPAM","url":"http://antispam.imp.ch/?lng=1","in_black_list":false},{"name":"LASHBACK","url":"http://blacklist.lashback.com/","in_black_list":false},{"name":"NIXSPAM","url":"https://www.heise.de/ix/NiX-Spam-DNSBL-and-blacklist-for-download-499637.html","in_black_list":false},{"name":"PSBL","url":"https://psbl.org/","in_black_list":false},{"name":"SORBS-SPAM","url":"http://www.sorbs.net/lookup.shtml","in_black_list":false},{"name":"SPAMCOP","url":"http://spamcop.net/bl.shtml","in_black_list":false},{"name":"TRUNCATE","url":"http://www.gbudb.com/truncate/index.jsp","in_black_list":false}]},"smtp_information":{"ok":false}},{"id":5023612055,"inbox_id":3072753,"subject":"Verify Email Address","sent_at":"2025-08-04T16:12:17.000Z","from_email":"hello@example.com","from_name":"Capsure","to_email":"daisysoares@example.com","to_name":"","email_size":13194,"is_read":false,"created_at":"2... (set the log level to DEBUG or TRACE to see the full content) 
 </msg>
<msg time="2025-08-05T13:50:47.339108" level="INFO">${resp} = &lt;Response [200]&gt;</msg>
<var>${resp}</var>
<arg>mailtrap</arg>
<arg>/inboxes/${INBOX_ID}/messages</arg>
<doc>Sends a GET request on a previously created HTTP Session.</doc>
<status status="PASS" start="2025-08-05T13:50:46.000631" elapsed="1.338528"/>
</kw>
<kw name="Log" owner="BuiltIn">
<msg time="2025-08-05T13:50:47.340304" level="INFO">Mailtrap messages endpoint returned status: 200</msg>
<arg>Mailtrap messages endpoint returned status: ${resp.status_code}</arg>
<doc>Logs the given message with the given level.</doc>
<status status="PASS" start="2025-08-05T13:50:47.339437" elapsed="0.000940"/>
</kw>
<kw name="Log" owner="BuiltIn">
<msg time="2025-08-05T13:50:47.341251" level="INFO">Raw response body: [{"id":5024634468,"inbox_id":3072753,"subject":"Verify Email Address","sent_at":"2025-08-05T05:50:44.000Z","from_email":"hello@example.com","from_name":"Capsure","to_email":"redwyvern@example.com","to_name":"","email_size":13192,"is_read":false,"created_at":"2025-08-05T05:50:44.601Z","updated_at":"2025-08-05T05:50:44.656Z","template_id":null,"template_variables":null,"html_body_size":11282,"text_body_size":872,"human_size":"13 KB","html_path":"/api/testing_message_parts/QEVuQwFAEACQEXKM3bNNbZw1LJDn%2FEmsS2HkGHuGQpUequhg5NQDtg++TguvEXYWUbaJS6rUA0RbJsFLVWkA4R+TAXsIim4KJiY7ThWLuxj3DnYTSlbnCsJVA%2FFlnLu%2Fjj14ExMAZA0=/body.html","txt_path":"/api/testing_message_parts/QEVuQwFAEACQEXKM3bNNbZw1LJDn%2FEmsS2HkGHuGQpUequhg5NQDtg++TguvEXYWUbaJS6rUA0RbJsFLVWkA4R+TAXsIim4KJiY7ThWLuxj3DnYTSlbnCsJVA%2FFlnLu%2Fjj14ExMAZA0=/body.txt","raw_path":"/api/testing_message_parts/QEVuQwFAEACQEXKM3bNNbZw1LJDn%2FEmsS2HkGHuGQpUequhg5NQDtg++TguvEXYWUbaJS6rUA0RbJsFLVWkA4R+TAXsIim4KJiY7ThWLuxj3DnYTSlbnCsJVA%2FFlnLu%2Fjj14ExMAZA0=/body.raw","download_path":"/api/testing_message_parts/QEVuQwFAEACQEXKM3bNNbZw1LJDn%2FEmsS2HkGHuGQpUequhg5NQDtg++TguvEXYWUbaJS6rUA0RbJsFLVWkA4R+TAXsIim4KJiY7ThWLuxj3DnYTSlbnCsJVA%2FFlnLu%2Fjj14ExMAZA0=/body.eml","html_source_path":"/api/testing_message_parts/QEVuQwFAEACQEXKM3bNNbZw1LJDn%2FEmsS2HkGHuGQpUequhg5NQDtg++TguvEXYWUbaJS6rUA0RbJsFLVWkA4R+TAXsIim4KJiY7ThWLuxj3DnYTSlbnCsJVA%2FFlnLu%2Fjj14ExMAZA0=/body.htmlsource","blacklists_report_info":{"result":"success","domain":"example.com","ip":"96.7.128.175","report":[{"name":"BACKSCATTERER","url":"http://www.backscatterer.org/index.php","in_black_list":false},{"name":"BARRACUDA","url":"http://barracudacentral.org/rbl","in_black_list":false},{"name":"Spamrbl IMP-SPAM","url":"http://antispam.imp.ch/?lng=1","in_black_list":false},{"name":"Wormrbl IMP-SPAM","url":"http://antispam.imp.ch/?lng=1","in_black_list":false},{"name":"LASHBACK","url":"http://blacklist.lashback.com/","in_black_list":false},{"name":"NIXSPAM","url":"https://www.heise.de/ix/NiX-Spam-DNSBL-and-blacklist-for-download-499637.html","in_black_list":false},{"name":"PSBL","url":"https://psbl.org/","in_black_list":false},{"name":"SORBS-SPAM","url":"http://www.sorbs.net/lookup.shtml","in_black_list":false},{"name":"SPAMCOP","url":"http://spamcop.net/bl.shtml","in_black_list":false},{"name":"TRUNCATE","url":"http://www.gbudb.com/truncate/index.jsp","in_black_list":false}]},"smtp_information":{"ok":false}},{"id":5024625938,"inbox_id":3072753,"subject":"Verify Email Address","sent_at":"2025-08-05T05:42:32.000Z","from_email":"hello@example.com","from_name":"Capsure","to_email":"redwyvern@example.com","to_name":"","email_size":13192,"is_read":false,"created_at":"2025-08-05T05:42:32.717Z","updated_at":"2025-08-05T05:42:32.892Z","template_id":null,"template_variables":null,"html_body_size":11282,"text_body_size":872,"human_size":"13 KB","html_path":"/api/testing_message_parts/QEVuQwFAEACBgwu00YkujeQ1J43aLindkJdVHDfxxbd4Hi7mmdEHJwkUerbmpIWyG0k8K+AFRQcsYFdkM6zP4MA3tjDuyqr18eIt3de535yj1Y56jyvyKqznJwIPzstPwE1szzqtfv8=/body.html","txt_path":"/api/testing_message_parts/QEVuQwFAEACBgwu00YkujeQ1J43aLindkJdVHDfxxbd4Hi7mmdEHJwkUerbmpIWyG0k8K+AFRQcsYFdkM6zP4MA3tjDuyqr18eIt3de535yj1Y56jyvyKqznJwIPzstPwE1szzqtfv8=/body.txt","raw_path":"/api/testing_message_parts/QEVuQwFAEACBgwu00YkujeQ1J43aLindkJdVHDfxxbd4Hi7mmdEHJwkUerbmpIWyG0k8K+AFRQcsYFdkM6zP4MA3tjDuyqr18eIt3de535yj1Y56jyvyKqznJwIPzstPwE1szzqtfv8=/body.raw","download_path":"/api/testing_message_parts/QEVuQwFAEACBgwu00YkujeQ1J43aLindkJdVHDfxxbd4Hi7mmdEHJwkUerbmpIWyG0k8K+AFRQcsYFdkM6zP4MA3tjDuyqr18eIt3de535yj1Y56jyvyKqznJwIPzstPwE1szzqtfv8=/body.eml","html_source_path":"/api/testing_message_parts/QEVuQwFAEACBgwu00YkujeQ1J43aLindkJdVHDfxxbd4Hi7mmdEHJwkUerbmpIWyG0k8K+AFRQcsYFdkM6zP4MA3tjDuyqr18eIt3de535yj1Y56jyvyKqznJwIPzstPwE1szzqtfv8=/body.htmlsource","blacklists_report_info":{"result":"success","domain":"example.com","ip":"96.7.128.198","report":[{"name":"BACKSCATTERER","url":"http://www.backscatterer.org/index.php","in_black_list":false},{"name":"BARRACUDA","url":"http://barracudacentral.org/rbl","in_black_list":false},{"name":"Spamrbl IMP-SPAM","url":"http://antispam.imp.ch/?lng=1","in_black_list":false},{"name":"Wormrbl IMP-SPAM","url":"http://antispam.imp.ch/?lng=1","in_black_list":false},{"name":"LASHBACK","url":"http://blacklist.lashback.com/","in_black_list":false},{"name":"NIXSPAM","url":"https://www.heise.de/ix/NiX-Spam-DNSBL-and-blacklist-for-download-499637.html","in_black_list":false},{"name":"PSBL","url":"https://psbl.org/","in_black_list":false},{"name":"SORBS-SPAM","url":"http://www.sorbs.net/lookup.shtml","in_black_list":false},{"name":"SPAMCOP","url":"http://spamcop.net/bl.shtml","in_black_list":false},{"name":"TRUNCATE","url":"http://www.gbudb.com/truncate/index.jsp","in_black_list":false}]},"smtp_information":{"ok":false}},{"id":5024616883,"inbox_id":3072753,"subject":"Verify Email Address","sent_at":"2025-08-05T05:35:40.000Z","from_email":"hello@example.com","from_name":"Capsure","to_email":"erererere@gmail.com","to_name":"","email_size":13190,"is_read":false,"created_at":"2025-08-05T05:35:40.966Z","updated_at":"2025-08-05T05:35:41.152Z","template_id":null,"template_variables":null,"html_body_size":11282,"text_body_size":872,"human_size":"13 KB","html_path":"/api/testing_message_parts/QEVuQwFAEAAwls9Rw7ybXDNWQxOIwUon5s6jRVprsvas+W4iz0OLGQCsIsGWA67E8LCqm7ifVoA7dlvnQbNuc9HHh4hGfBx9vqQ3Sp1nPw1JJbALJRM15uT0Lh08J4Wyri8L4VH6VqU=/body.html","txt_path":"/api/testing_message_parts/QEVuQwFAEAAwls9Rw7ybXDNWQxOIwUon5s6jRVprsvas+W4iz0OLGQCsIsGWA67E8LCqm7ifVoA7dlvnQbNuc9HHh4hGfBx9vqQ3Sp1nPw1JJbALJRM15uT0Lh08J4Wyri8L4VH6VqU=/body.txt","raw_path":"/api/testing_message_parts/QEVuQwFAEAAwls9Rw7ybXDNWQxOIwUon5s6jRVprsvas+W4iz0OLGQCsIsGWA67E8LCqm7ifVoA7dlvnQbNuc9HHh4hGfBx9vqQ3Sp1nPw1JJbALJRM15uT0Lh08J4Wyri8L4VH6VqU=/body.raw","download_path":"/api/testing_message_parts/QEVuQwFAEAAwls9Rw7ybXDNWQxOIwUon5s6jRVprsvas+W4iz0OLGQCsIsGWA67E8LCqm7ifVoA7dlvnQbNuc9HHh4hGfBx9vqQ3Sp1nPw1JJbALJRM15uT0Lh08J4Wyri8L4VH6VqU=/body.eml","html_source_path":"/api/testing_message_parts/QEVuQwFAEAAwls9Rw7ybXDNWQxOIwUon5s6jRVprsvas+W4iz0OLGQCsIsGWA67E8LCqm7ifVoA7dlvnQbNuc9HHh4hGfBx9vqQ3Sp1nPw1JJbALJRM15uT0Lh08J4Wyri8L4VH6VqU=/body.htmlsource","blacklists_report_info":{"result":"success","domain":"example.com","ip":"96.7.128.198","report":[{"name":"BACKSCATTERER","url":"http://www.backscatterer.org/index.php","in_black_list":false},{"name":"BARRACUDA","url":"http://barracudacentral.org/rbl","in_black_list":false},{"name":"Spamrbl IMP-SPAM","url":"http://antispam.imp.ch/?lng=1","in_black_list":false},{"name":"Wormrbl IMP-SPAM","url":"http://antispam.imp.ch/?lng=1","in_black_list":false},{"name":"LASHBACK","url":"http://blacklist.lashback.com/","in_black_list":false},{"name":"NIXSPAM","url":"https://www.heise.de/ix/NiX-Spam-DNSBL-and-blacklist-for-download-499637.html","in_black_list":false},{"name":"PSBL","url":"https://psbl.org/","in_black_list":false},{"name":"SORBS-SPAM","url":"http://www.sorbs.net/lookup.shtml","in_black_list":false},{"name":"SPAMCOP","url":"http://spamcop.net/bl.shtml","in_black_list":false},{"name":"TRUNCATE","url":"http://www.gbudb.com/truncate/index.jsp","in_black_list":false}]},"smtp_information":{"ok":false}},{"id":5024605014,"inbox_id":3072753,"subject":"Verify Email Address","sent_at":"2025-08-05T05:27:52.000Z","from_email":"hello@example.com","from_name":"Capsure","to_email":"daisysoares@example.com","to_name":"","email_size":13194,"is_read":false,"created_at":"2025-08-05T05:27:52.911Z","updated_at":"2025-08-05T05:27:53.108Z","template_id":null,"template_variables":null,"html_body_size":11282,"text_body_size":872,"human_size":"13 KB","html_path":"/api/testing_message_parts/QEVuQwFAEAB37xC61LbmvLxrCAYpYAIPolnEjRuzvbS%2FD9WVQY%2FWPK%2FMf340EWnsq7cPD6XjdCzl%2FkBIXnLajB65kVTkFQkCdIcIg8vr5MZpTiQOv4yNJ3bf36IzpWohcpoXhMohkOU=/body.html","txt_path":"/api/testing_message_parts/QEVuQwFAEAB37xC61LbmvLxrCAYpYAIPolnEjRuzvbS%2FD9WVQY%2FWPK%2FMf340EWnsq7cPD6XjdCzl%2FkBIXnLajB65kVTkFQkCdIcIg8vr5MZpTiQOv4yNJ3bf36IzpWohcpoXhMohkOU=/body.txt","raw_path":"/api/testing_message_parts/QEVuQwFAEAB37xC61LbmvLxrCAYpYAIPolnEjRuzvbS%2FD9WVQY%2FWPK%2FMf340EWnsq7cPD6XjdCzl%2FkBIXnLajB65kVTkFQkCdIcIg8vr5MZpTiQOv4yNJ3bf36IzpWohcpoXhMohkOU=/body.raw","download_path":"/api/testing_message_parts/QEVuQwFAEAB37xC61LbmvLxrCAYpYAIPolnEjRuzvbS%2FD9WVQY%2FWPK%2FMf340EWnsq7cPD6XjdCzl%2FkBIXnLajB65kVTkFQkCdIcIg8vr5MZpTiQOv4yNJ3bf36IzpWohcpoXhMohkOU=/body.eml","html_source_path":"/api/testing_message_parts/QEVuQwFAEAB37xC61LbmvLxrCAYpYAIPolnEjRuzvbS%2FD9WVQY%2FWPK%2FMf340EWnsq7cPD6XjdCzl%2FkBIXnLajB65kVTkFQkCdIcIg8vr5MZpTiQOv4yNJ3bf36IzpWohcpoXhMohkOU=/body.htmlsource","blacklists_report_info":{"result":"success","domain":"example.com","ip":"23.215.0.136","report":[{"name":"BACKSCATTERER","url":"http://www.backscatterer.org/index.php","in_black_list":false},{"name":"BARRACUDA","url":"http://barracudacentral.org/rbl","in_black_list":false},{"name":"Spamrbl IMP-SPAM","url":"http://antispam.imp.ch/?lng=1","in_black_list":false},{"name":"Wormrbl IMP-SPAM","url":"http://antispam.imp.ch/?lng=1","in_black_list":false},{"name":"LASHBACK","url":"http://blacklist.lashback.com/","in_black_list":false},{"name":"NIXSPAM","url":"https://www.heise.de/ix/NiX-Spam-DNSBL-and-blacklist-for-download-499637.html","in_black_list":false},{"name":"PSBL","url":"https://psbl.org/","in_black_list":false},{"name":"SORBS-SPAM","url":"http://www.sorbs.net/lookup.shtml","in_black_list":false},{"name":"SPAMCOP","url":"http://spamcop.net/bl.shtml","in_black_list":false},{"name":"TRUNCATE","url":"http://www.gbudb.com/truncate/index.jsp","in_black_list":false}]},"smtp_information":{"ok":false}},{"id":5023612055,"inbox_id":3072753,"subject":"Verify Email Address","sent_at":"2025-08-04T16:12:17.000Z","from_email":"hello@example.com","from_name":"Capsure","to_email":"daisysoares@example.com","to_name":"","email_size":13194,"is_read":false,"created_at":"2025-08-04T16:12:18.102Z","updated_at":"2025-08-04T16:12:18.185Z","template_id":null,"template_variables":null,"html_body_size":11282,"text_body_size":872,"human_size":"13 KB","html_path":"/api/testing_message_parts/QEVuQwFAEAAkEuBtMOyaqurT%2FjMtPGFMJez2MRy+J3XLlXyiIzMCSAZUx1%2Fkz7ZRXA+hOFTCeMLlvFKE+4sTbtAmnQmkBbRFPMpAXokbS7R4QyRXUB6n%2FBAcCiUJEUu06rNEUgjZgfg=/body.html","txt_path":"/api/testing_message_parts/QEVuQwFAEAAkEuBtMOyaqurT%2FjMtPGFMJez2MRy+J3XLlXyiIzMCSAZUx1%2Fkz7ZRXA+hOFTCeMLlvFKE+4sTbtAmnQmkBbRFPMpAXokbS7R4QyRXUB6n%2FBAcCiUJEUu06rNEUgjZgfg=/body.txt","raw_path":"/api/testing_message_parts/QEVuQwFAEAAkEuBtMOyaqurT%2FjMtPGFMJez2MRy+J3XLlXyiIzMCSAZUx1%2Fkz7ZRXA+hOFTCeMLlvFKE+4sTbtAmnQmkBbRFPMpAXokbS7R4QyRXUB6n%2FBAcCiUJEUu06rNEUgjZgfg=/body.raw","download_path":"/api/testing_message_parts/QEVuQwFAEAAkEuBtMOyaqurT%2FjMtPGFMJez2MRy+J3XLlXyiIzMCSAZUx1%2Fkz7ZRXA+hOFTCeMLlvFKE+4sTbtAmnQmkBbRFPMpAXokbS7R4QyRXUB6n%2FBAcCiUJEUu06rNEUgjZgfg=/body.eml","html_source_path":"/api/testing_message_parts/QEVuQwFAEAAkEuBtMOyaqurT%2FjMtPGFMJez2MRy+J3XLlXyiIzMCSAZUx1%2Fkz7ZRXA+hOFTCeMLlvFKE+4sTbtAmnQmkBbRFPMpAXokbS7R4QyRXUB6n%2FBAcCiUJEUu06rNEUgjZgfg=/body.htmlsource","blacklists_report_info":{"result":"success","domain":"example.com","ip":"23.215.0.136","report":[{"name":"BACKSCATTERER","url":"http://www.backscatterer.org/index.php","in_black_list":false},{"name":"BARRACUDA","url":"http://barracudacentral.org/rbl","in_black_list":false},{"name":"Spamrbl IMP-SPAM","url":"http://antispam.imp.ch/?lng=1","in_black_list":false},{"name":"Wormrbl IMP-SPAM","url":"http://antispam.imp.ch/?lng=1","in_black_list":false},{"name":"LASHBACK","url":"http://blacklist.lashback.com/","in_black_list":false},{"name":"NIXSPAM","url":"https://www.heise.de/ix/NiX-Spam-DNSBL-and-blacklist-for-download-499637.html","in_black_list":false},{"name":"PSBL","url":"https://psbl.org/","in_black_list":false},{"name":"SORBS-SPAM","url":"http://www.sorbs.net/lookup.shtml","in_black_list":false},{"name":"SPAMCOP","url":"http://spamcop.net/bl.shtml","in_black_list":false},{"name":"TRUNCATE","url":"http://www.gbudb.com/truncate/index.jsp","in_black_list":false}]},"smtp_information":{"ok":false}},{"id":5023598736,"inbox_id":3072753,"subject":"Verify Email Address","sent_at":"2025-08-04T16:04:15.000Z","from_email":"hello@example.com","from_name":"Capsure","to_email":"daisysoares@example.com","to_name":"","email_size":13194,"is_read":false,"created_at":"2025-08-04T16:04:15.728Z","updated_at":"2025-08-04T16:04:15.793Z","template_id":null,"template_variables":null,"html_body_size":11282,"text_body_size":872,"human_size":"13 KB","html_path":"/api/testing_message_parts/QEVuQwFAEAB5kJSfmbBYt7Qqg0CMeWs19%2FjmXrksf3mMs4oan+WwcddwhLG+DdyB+aWiDRcSCQsx9J%2FS2PV33i1z6jOlmBQlQZ6BqHATc4Mr5fpS1x8cDGH7s%2FtOuTdZzgfgbRQ19Nk=/body.html","txt_path":"/api/testing_message_parts/QEVuQwFAEAB5kJSfmbBYt7Qqg0CMeWs19%2FjmXrksf3mMs4oan+WwcddwhLG+DdyB+aWiDRcSCQsx9J%2FS2PV33i1z6jOlmBQlQZ6BqHATc4Mr5fpS1x8cDGH7s%2FtOuTdZzgfgbRQ19Nk=/body.txt","raw_path":"/api/testing_message_parts/QEVuQwFAEAB5kJSfmbBYt7Qqg0CMeWs19%2FjmXrksf3mMs4oan+WwcddwhLG+DdyB+aWiDRcSCQsx9J%2FS2PV33i1z6jOlmBQlQZ6BqHATc4Mr5fpS1x8cDGH7s%2FtOuTdZzgfgbRQ19Nk=/body.raw","download_path":"/api/testing_message_parts/QEVuQwFAEAB5kJSfmbBYt7Qqg0CMeWs19%2FjmXrksf3mMs4oan+WwcddwhLG+DdyB+aWiDRcSCQsx9J%2FS2PV33i1z6jOlmBQlQZ6BqHATc4Mr5fpS1x8cDGH7s%2FtOuTdZzgfgbRQ19Nk=/body.eml","html_source_path":"/api/testing_message_parts/QEVuQwFAEAB5kJSfmbBYt7Qqg0CMeWs19%2FjmXrksf3mMs4oan+WwcddwhLG+DdyB+aWiDRcSCQsx9J%2FS2PV33i1z6jOlmBQlQZ6BqHATc4Mr5fpS1x8cDGH7s%2FtOuTdZzgfgbRQ19Nk=/body.htmlsource","blacklists_report_info":{"result":"success","domain":"example.com","ip":"23.192.228.84","report":[{"name":"BACKSCATTERER","url":"http://www.backscatterer.org/index.php","in_black_list":false},{"name":"BARRACUDA","url":"http://barracudacentral.org/rbl","in_black_list":false},{"name":"Spamrbl IMP-SPAM","url":"http://antispam.imp.ch/?lng=1","in_black_list":false},{"name":"Wormrbl IMP-SPAM","url":"http://antispam.imp.ch/?lng=1","in_black_list":false},{"name":"LASHBACK","url":"http://blacklist.lashback.com/","in_black_list":false},{"name":"NIXSPAM","url":"https://www.heise.de/ix/NiX-Spam-DNSBL-and-blacklist-for-download-499637.html","in_black_list":false},{"name":"PSBL","url":"https://psbl.org/","in_black_list":false},{"name":"SORBS-SPAM","url":"http://www.sorbs.net/lookup.shtml","in_black_list":false},{"name":"SPAMCOP","url":"http://spamcop.net/bl.shtml","in_black_list":false},{"name":"TRUNCATE","url":"http://www.gbudb.com/truncate/index.jsp","in_black_list":false}]},"smtp_information":{"ok":false}},{"id":5023104279,"inbox_id":3072753,"subject":"Verify Email Address","sent_at":"2025-08-04T11:35:33.000Z","from_email":"hello@example.com","from_name":"Capsure","to_email":"daisysoares@example.com","to_name":"","email_size":13194,"is_read":true,"created_at":"2025-08-04T11:35:33.800Z","updated_at":"2025-08-04T11:39:42.292Z","template_id":null,"template_variables":null,"html_body_size":11282,"text_body_size":872,"human_size":"13 KB","html_path":"/api/testing_message_parts/QEVuQwFAEACcDo8w1tw%2FWeP58849aJiauCEh57WwvJMtpOiJPBVnj+KEf0FjtguqaT43rD3yRyKAI93ILaQXu9fsoTGmJdVxr8JFg9tSwVo%2FfGoj0IS8gbvQ4%2F6yLwNCkaKHLxqKkeQ=/body.html","txt_path":"/api/testing_message_parts/QEVuQwFAEACcDo8w1tw%2FWeP58849aJiauCEh57WwvJMtpOiJPBVnj+KEf0FjtguqaT43rD3yRyKAI93ILaQXu9fsoTGmJdVxr8JFg9tSwVo%2FfGoj0IS8gbvQ4%2F6yLwNCkaKHLxqKkeQ=/body.txt","raw_path":"/api/testing_message_parts/QEVuQwFAEACcDo8w1tw%2FWeP58849aJiauCEh57WwvJMtpOiJPBVnj+KEf0FjtguqaT43rD3yRyKAI93ILaQXu9fsoTGmJdVxr8JFg9tSwVo%2FfGoj0IS8gbvQ4%2F6yLwNCkaKHLxqKkeQ=/body.raw","download_path":"/api/testing_message_parts/QEVuQwFAEACcDo8w1tw%2FWeP58849aJiauCEh57WwvJMtpOiJPBVnj+KEf0FjtguqaT43rD3yRyKAI93ILaQXu9fsoTGmJdVxr8JFg9tSwVo%2FfGoj0IS8gbvQ4%2F6yLwNCkaKHLxqKkeQ=/body.eml","html_source_path":"/api/testing_message_parts/QEVuQwFAEACcDo8w1tw%2FWeP58849aJiauCEh57WwvJMtpOiJPBVnj+KEf0FjtguqaT43rD3yRyKAI93ILaQXu9fsoTGmJdVxr8JFg9tSwVo%2FfGoj0IS8gbvQ4%2F6yLwNCkaKHLxqKkeQ=/body.htmlsource","blacklists_report_info":{"result":"success","domain":"example.com","ip":"23.215.0.138","report":[{"name":"BACKSCATTERER","url":"http://www.backscatterer.org/index.php","in_black_list":false},{"name":"BARRACUDA","url":"http://barracudacentral.org/rbl","in_black_list":false},{"name":"Spamrbl IMP-SPAM","url":"http://antispam.imp.ch/?lng=1","in_black_list":false},{"name":"Wormrbl IMP-SPAM","url":"http://antispam.imp.ch/?lng=1","in_black_list":false},{"name":"LASHBACK","url":"http://blacklist.lashback.com/","in_black_list":false},{"name":"NIXSPAM","url":"https://www.heise.de/ix/NiX-Spam-DNSBL-and-blacklist-for-download-499637.html","in_black_list":false},{"name":"PSBL","url":"https://psbl.org/","in_black_list":false},{"name":"SORBS-SPAM","url":"http://www.sorbs.net/lookup.shtml","in_black_list":false},{"name":"SPAMCOP","url":"http://spamcop.net/bl.shtml","in_black_list":false},{"name":"TRUNCATE","url":"http://www.gbudb.com/truncate/index.jsp","in_black_list":false}]},"smtp_information":{"ok":false}},{"id":5023103185,"inbox_id":3072753,"subject":"Verify Email Address","sent_at":"2025-08-04T11:34:34.000Z","from_email":"hello@example.com","from_name":"Capsure","to_email":"daisysoares@example.com","to_name":"","email_size":13194,"is_read":true,"created_at":"2025-08-04T11:34:35.043Z","updated_at":"2025-08-04T11:39:42.292Z","template_id":null,"template_variables":null,"html_body_size":11282,"text_body_size":872,"human_size":"13 KB","html_path":"/api/testing_message_parts/QEVuQwFAEAA+hkRKhNkQ%2FTdoMhGkbMTCLOCj6GmyRwNp%2FAYLmyL37EfGQsvy85l6pO33RFlbVlF0PseOCNCxiaLEe7fu95O6ZGbAqpcrS3l4z8C7GRsUo38oLextqkYrTbkTJZ3+f1Q=/body.html","txt_path":"/api/testing_message_parts/QEVuQwFAEAA+hkRKhNkQ%2FTdoMhGkbMTCLOCj6GmyRwNp%2FAYLmyL37EfGQsvy85l6pO33RFlbVlF0PseOCNCxiaLEe7fu95O6ZGbAqpcrS3l4z8C7GRsUo38oLextqkYrTbkTJZ3+f1Q=/body.txt","raw_path":"/api/testing_message_parts/QEVuQwFAEAA+hkRKhNkQ%2FTdoMhGkbMTCLOCj6GmyRwNp%2FAYLmyL37EfGQsvy85l6pO33RFlbVlF0PseOCNCxiaLEe7fu95O6ZGbAqpcrS3l4z8C7GRsUo38oLextqkYrTbkTJZ3+f1Q=/body.raw","download_path":"/api/testing_message_parts/QEVuQwFAEAA+hkRKhNkQ%2FTdoMhGkbMTCLOCj6GmyRwNp%2FAYLmyL37EfGQsvy85l6pO33RFlbVlF0PseOCNCxiaLEe7fu95O6ZGbAqpcrS3l4z8C7GRsUo38oLextqkYrTbkTJZ3+f1Q=/body.eml","html_source_path":"/api/testing_message_parts/QEVuQwFAEAA+hkRKhNkQ%2FTdoMhGkbMTCLOCj6GmyRwNp%2FAYLmyL37EfGQsvy85l6pO33RFlbVlF0PseOCNCxiaLEe7fu95O6ZGbAqpcrS3l4z8C7GRsUo38oLextqkYrTbkTJZ3+f1Q=/body.htmlsource","blacklists_report_info":{"result":"success","domain":"example.com","ip":"96.7.128.198","report":[{"name":"BACKSCATTERER","url":"http://www.backscatterer.org/index.php","in_black_list":false},{"name":"BARRACUDA","url":"http://barracudacentral.org/rbl","in_black_list":false},{"name":"Spamrbl IMP-SPAM","url":"http://antispam.imp.ch/?lng=1","in_black_list":false},{"name":"Wormrbl IMP-SPAM","url":"http://antispam.imp.ch/?lng=1","in_black_list":false},{"name":"LASHBACK","url":"http://blacklist.lashback.com/","in_black_list":false},{"name":"NIXSPAM","url":"https://www.heise.de/ix/NiX-Spam-DNSBL-and-blacklist-for-download-499637.html","in_black_list":false},{"name":"PSBL","url":"https://psbl.org/","in_black_list":false},{"name":"SORBS-SPAM","url":"http://www.sorbs.net/lookup.shtml","in_black_list":false},{"name":"SPAMCOP","url":"http://spamcop.net/bl.shtml","in_black_list":false},{"name":"TRUNCATE","url":"http://www.gbudb.com/truncate/index.jsp","in_black_list":false}]},"smtp_information":{"ok":false}},{"id":5023100741,"inbox_id":3072753,"subject":"Verify Email Address","sent_at":"2025-08-04T11:32:39.000Z","from_email":"hello@example.com","from_name":"Capsure","to_email":"daisysoares@example.com","to_name":"","email_size":13194,"is_read":true,"created_at":"2025-08-04T11:32:39.945Z","updated_at":"2025-08-04T11:39:42.292Z","template_id":null,"template_variables":null,"html_body_size":11282,"text_body_size":872,"human_size":"13 KB","html_path":"/api/testing_message_parts/QEVuQwFAEAB4or%2FcIJwMZ6tzJCwwELiwZSAI+YeteUZjXw1k+vjbEUNAj0ceJwU+e1iw5P9l98YHcxE8EddLxlP035ucni0NOpS5qxJnSJWAaxXkyGwpVKqMMIUgdstBaiIUkdzgJKY=/body.html","txt_path":"/api/testing_message_parts/QEVuQwFAEAB4or%2FcIJwMZ6tzJCwwELiwZSAI+YeteUZjXw1k+vjbEUNAj0ceJwU+e1iw5P9l98YHcxE8EddLxlP035ucni0NOpS5qxJnSJWAaxXkyGwpVKqMMIUgdstBaiIUkdzgJKY=/body.txt","raw_path":"/api/testing_message_parts/QEVuQwFAEAB4or%2FcIJwMZ6tzJCwwELiwZSAI+YeteUZjXw1k+vjbEUNAj0ceJwU+e1iw5P9l98YHcxE8EddLxlP035ucni0NOpS5qxJnSJWAaxXkyGwpVKqMMIUgdstBaiIUkdzgJKY=/body.raw","download_path":"/api/testing_message_parts/QEVuQwFAEAB4or%2FcIJwMZ6tzJCwwELiwZSAI+YeteUZjXw1k+vjbEUNAj0ceJwU+e1iw5P9l98YHcxE8EddLxlP035ucni0NOpS5qxJnSJWAaxXkyGwpVKqMMIUgdstBaiIUkdzgJKY=/body.eml","html_source_path":"/api/testing_message_parts/QEVuQwFAEAB4or%2FcIJwMZ6tzJCwwELiwZSAI+YeteUZjXw1k+vjbEUNAj0ceJwU+e1iw5P9l98YHcxE8EddLxlP035ucni0NOpS5qxJnSJWAaxXkyGwpVKqMMIUgdstBaiIUkdzgJKY=/body.htmlsource","blacklists_report_info":{"result":"success","domain":"example.com","ip":"96.7.128.198","report":[{"name":"BACKSCATTERER","url":"http://www.backscatterer.org/index.php","in_black_list":false},{"name":"BARRACUDA","url":"http://barracudacentral.org/rbl","in_black_list":false},{"name":"Spamrbl IMP-SPAM","url":"http://antispam.imp.ch/?lng=1","in_black_list":false},{"name":"Wormrbl IMP-SPAM","url":"http://antispam.imp.ch/?lng=1","in_black_list":false},{"name":"LASHBACK","url":"http://blacklist.lashback.com/","in_black_list":false},{"name":"NIXSPAM","url":"https://www.heise.de/ix/NiX-Spam-DNSBL-and-blacklist-for-download-499637.html","in_black_list":false},{"name":"PSBL","url":"https://psbl.org/","in_black_list":false},{"name":"SORBS-SPAM","url":"http://www.sorbs.net/lookup.shtml","in_black_list":false},{"name":"SPAMCOP","url":"http://spamcop.net/bl.shtml","in_black_list":false},{"name":"TRUNCATE","url":"http://www.gbudb.com/truncate/index.jsp","in_black_list":false}]},"smtp_information":{"ok":false}},{"id":5023099144,"inbox_id":3072753,"subject":"Verify Email Address","sent_at":"2025-08-04T11:31:41.000Z","from_email":"hello@example.com","from_name":"Capsure","to_email":"daisysoares@example.com","to_name":"","email_size":13194,"is_read":true,"created_at":"2025-08-04T11:31:42.065Z","updated_at":"2025-08-04T11:39:42.292Z","template_id":null,"template_variables":null,"html_body_size":11282,"text_body_size":872,"human_size":"13 KB","html_path":"/api/testing_message_parts/QEVuQwFAEACVpzP1UmQcrSS5hSyDIsyYR+u2hVPlkc+0lEP9Drhb6D3gvMBdYK57+5OurPY2iMPVYcbCeqXSr5P%2FXox7SAzzw+uEb+Zcb1o6leWgriUqmDlJj2OyvygPiCbWoi0lcJs=/body.html","txt_path":"/api/testing_message_parts/QEVuQwFAEACVpzP1UmQcrSS5hSyDIsyYR+u2hVPlkc+0lEP9Drhb6D3gvMBdYK57+5OurPY2iMPVYcbCeqXSr5P%2FXox7SAzzw+uEb+Zcb1o6leWgriUqmDlJj2OyvygPiCbWoi0lcJs=/body.txt","raw_path":"/api/testing_message_parts/QEVuQwFAEACVpzP1UmQcrSS5hSyDIsyYR+u2hVPlkc+0lEP9Drhb6D3gvMBdYK57+5OurPY2iMPVYcbCeqXSr5P%2FXox7SAzzw+uEb+Zcb1o6leWgriUqmDlJj2OyvygPiCbWoi0lcJs=/body.raw","download_path":"/api/testing_message_parts/QEVuQwFAEACVpzP1UmQcrSS5hSyDIsyYR+u2hVPlkc+0lEP9Drhb6D3gvMBdYK57+5OurPY2iMPVYcbCeqXSr5P%2FXox7SAzzw+uEb+Zcb1o6leWgriUqmDlJj2OyvygPiCbWoi0lcJs=/body.eml","html_source_path":"/api/testing_message_parts/QEVuQwFAEACVpzP1UmQcrSS5hSyDIsyYR+u2hVPlkc+0lEP9Drhb6D3gvMBdYK57+5OurPY2iMPVYcbCeqXSr5P%2FXox7SAzzw+uEb+Zcb1o6leWgriUqmDlJj2OyvygPiCbWoi0lcJs=/body.htmlsource","blacklists_report_info":{"result":"success","domain":"example.com","ip":"23.215.0.136","report":[{"name":"BACKSCATTERER","url":"http://www.backscatterer.org/index.php","in_black_list":false},{"name":"BARRACUDA","url":"http://barracudacentral.org/rbl","in_black_list":false},{"name":"Spamrbl IMP-SPAM","url":"http://antispam.imp.ch/?lng=1","in_black_list":false},{"name":"Wormrbl IMP-SPAM","url":"http://antispam.imp.ch/?lng=1","in_black_list":false},{"name":"LASHBACK","url":"http://blacklist.lashback.com/","in_black_list":false},{"name":"NIXSPAM","url":"https://www.heise.de/ix/NiX-Spam-DNSBL-and-blacklist-for-download-499637.html","in_black_list":false},{"name":"PSBL","url":"https://psbl.org/","in_black_list":false},{"name":"SORBS-SPAM","url":"http://www.sorbs.net/lookup.shtml","in_black_list":false},{"name":"SPAMCOP","url":"http://spamcop.net/bl.shtml","in_black_list":false},{"name":"TRUNCATE","url":"http://www.gbudb.com/truncate/index.jsp","in_black_list":false}]},"smtp_information":{"ok":false}},{"id":5023096930,"inbox_id":3072753,"subject":"Verify Email Address","sent_at":"2025-08-04T11:30:30.000Z","from_email":"hello@example.com","from_name":"Capsure","to_email":"daisysoares@example.com","to_name":"","email_size":13194,"is_read":true,"created_at":"2025-08-04T11:30:30.481Z","updated_at":"2025-08-04T11:39:42.292Z","template_id":null,"template_variables":null,"html_body_size":11282,"text_body_size":872,"human_size":"13 KB","html_path":"/api/testing_message_parts/QEVuQwFAEAAwaWrqH2iUx4PdIX6GUgoR6zLcZ+x+Xc0crOAEjIpsubKe6zAK6WZt2d8QTfrhghNS1gjiCMTV4WCqji6DUzdkQabkxHw9mfUEWUhJHY4+O5oxeMvgZo3NdDTtU1NtOKQ=/body.html","txt_path":"/api/testing_message_parts/QEVuQwFAEAAwaWrqH2iUx4PdIX6GUgoR6zLcZ+x+Xc0crOAEjIpsubKe6zAK6WZt2d8QTfrhghNS1gjiCMTV4WCqji6DUzdkQabkxHw9mfUEWUhJHY4+O5oxeMvgZo3NdDTtU1NtOKQ=/body.txt","raw_path":"/api/testing_message_parts/QEVuQwFAEAAwaWrqH2iUx4PdIX6GUgoR6zLcZ+x+Xc0crOAEjIpsubKe6zAK6WZt2d8QTfrhghNS1gjiCMTV4WCqji6DUzdkQabkxHw9mfUEWUhJHY4+O5oxeMvgZo3NdDTtU1NtOKQ=/body.raw","download_path":"/api/testing_message_parts/QEVuQwFAEAAwaWrqH2iUx4PdIX6GUgoR6zLcZ+x+Xc0crOAEjIpsubKe6zAK6WZt2d8QTfrhghNS1gjiCMTV4WCqji6DUzdkQabkxHw9mfUEWUhJHY4+O5oxeMvgZo3NdDTtU1NtOKQ=/body.eml","html_source_path":"/api/testing_message_parts/QEVuQwFAEAAwaWrqH2iUx4PdIX6GUgoR6zLcZ+x+Xc0crOAEjIpsubKe6zAK6WZt2d8QTfrhghNS1gjiCMTV4WCqji6DUzdkQabkxHw9mfUEWUhJHY4+O5oxeMvgZo3NdDTtU1NtOKQ=/body.htmlsource","blacklists_report_info":{"result":"success","domain":"example.com","ip":"23.215.0.136","report":[{"name":"BACKSCATTERER","url":"http://www.backscatterer.org/index.php","in_black_list":false},{"name":"BARRACUDA","url":"http://barracudacentral.org/rbl","in_black_list":false},{"name":"Spamrbl IMP-SPAM","url":"http://antispam.imp.ch/?lng=1","in_black_list":false},{"name":"Wormrbl IMP-SPAM","url":"http://antispam.imp.ch/?lng=1","in_black_list":false},{"name":"LASHBACK","url":"http://blacklist.lashback.com/","in_black_list":false},{"name":"NIXSPAM","url":"https://www.heise.de/ix/NiX-Spam-DNSBL-and-blacklist-for-download-499637.html","in_black_list":false},{"name":"PSBL","url":"https://psbl.org/","in_black_list":false},{"name":"SORBS-SPAM","url":"http://www.sorbs.net/lookup.shtml","in_black_list":false},{"name":"SPAMCOP","url":"http://spamcop.net/bl.shtml","in_black_list":false},{"name":"TRUNCATE","url":"http://www.gbudb.com/truncate/index.jsp","in_black_list":false}]},"smtp_information":{"ok":false}},{"id":5023087343,"inbox_id":3072753,"subject":"Verify Email Address","sent_at":"2025-08-04T11:21:26.000Z","from_email":"hello@example.com","from_name":"Capsure","to_email":"daisysoares@example.com","to_name":"","email_size":13194,"is_read":true,"created_at":"2025-08-04T11:21:27.433Z","updated_at":"2025-08-04T11:39:42.292Z","template_id":null,"template_variables":null,"html_body_size":11282,"text_body_size":872,"human_size":"13 KB","html_path":"/api/testing_message_parts/QEVuQwFAEAA1yB+C%2FwFkONQSnilzfZIPcT%2FZWEtEKOetXmU2PufsqjxsoYzldBJdU2wXy2PS%2Fjf6cQP+NJpB6DxYievh2YNz4w+E9w2MkB73oSG2XFGFkEsLRwDX+D5dmleFUtnwWwI=/body.html","txt_path":"/api/testing_message_parts/QEVuQwFAEAA1yB+C%2FwFkONQSnilzfZIPcT%2FZWEtEKOetXmU2PufsqjxsoYzldBJdU2wXy2PS%2Fjf6cQP+NJpB6DxYievh2YNz4w+E9w2MkB73oSG2XFGFkEsLRwDX+D5dmleFUtnwWwI=/body.txt","raw_path":"/api/testing_message_parts/QEVuQwFAEAA1yB+C%2FwFkONQSnilzfZIPcT%2FZWEtEKOetXmU2PufsqjxsoYzldBJdU2wXy2PS%2Fjf6cQP+NJpB6DxYievh2YNz4w+E9w2MkB73oSG2XFGFkEsLRwDX+D5dmleFUtnwWwI=/body.raw","download_path":"/api/testing_message_parts/QEVuQwFAEAA1yB+C%2FwFkONQSnilzfZIPcT%2FZWEtEKOetXmU2PufsqjxsoYzldBJdU2wXy2PS%2Fjf6cQP+NJpB6DxYievh2YNz4w+E9w2MkB73oSG2XFGFkEsLRwDX+D5dmleFUtnwWwI=/body.eml","html_source_path":"/api/testing_message_parts/QEVuQwFAEAA1yB+C%2FwFkONQSnilzfZIPcT%2FZWEtEKOetXmU2PufsqjxsoYzldBJdU2wXy2PS%2Fjf6cQP+NJpB6DxYievh2YNz4w+E9w2MkB73oSG2XFGFkEsLRwDX+D5dmleFUtnwWwI=/body.htmlsource","blacklists_report_info":{"result":"success","domain":"example.com","ip":"96.7.128.198","report":[{"name":"BACKSCATTERER","url":"http://www.backscatterer.org/index.php","in_black_list":false},{"name":"BARRACUDA","url":"http://barracudacentral.org/rbl","in_black_list":false},{"name":"Spamrbl IMP-SPAM","url":"http://antispam.imp.ch/?lng=1","in_black_list":false},{"name":"Wormrbl IMP-SPAM","url":"http://antispam.imp.ch/?lng=1","in_black_list":false},{"name":"LASHBACK","url":"http://blacklist.lashback.com/","in_black_list":false},{"name":"NIXSPAM","url":"https://www.heise.de/ix/NiX-Spam-DNSBL-and-blacklist-for-download-499637.html","in_black_list":false},{"name":"PSBL","url":"https://psbl.org/","in_black_list":false},{"name":"SORBS-SPAM","url":"http://www.sorbs.net/lookup.shtml","in_black_list":false},{"name":"SPAMCOP","url":"http://spamcop.net/bl.shtml","in_black_list":false},{"name":"TRUNCATE","url":"http://www.gbudb.com/truncate/index.jsp","in_black_list":false}]},"smtp_information":{"ok":false}},{"id":5023073823,"inbox_id":3072753,"subject":"Verify Email Address","sent_at":"2025-08-04T11:09:42.000Z","from_email":"hello@example.com","from_name":"Capsure","to_email":"daisysoares@example.com","to_name":"","email_size":13194,"is_read":true,"created_at":"2025-08-04T11:09:43.394Z","updated_at":"2025-08-04T11:39:42.292Z","template_id":null,"template_variables":null,"html_body_size":11282,"text_body_size":872,"human_size":"13 KB","html_path":"/api/testing_message_parts/QEVuQwFAEAAbdvA8vyfAGTE2vTEQnr5rfRsfMmziL9TkcnQVUWm0B5Jj87koBex8v6PPmAXwRRKJsV2C4FslfxJyl9u2Z7jUsMtXQujlSJPdhe+XquXeotF+NjjcVVfqV2JMTAamnDk=/body.html","txt_path":"/api/testing_message_parts/QEVuQwFAEAAbdvA8vyfAGTE2vTEQnr5rfRsfMmziL9TkcnQVUWm0B5Jj87koBex8v6PPmAXwRRKJsV2C4FslfxJyl9u2Z7jUsMtXQujlSJPdhe+XquXeotF+NjjcVVfqV2JMTAamnDk=/body.txt","raw_path":"/api/testing_message_parts/QEVuQwFAEAAbdvA8vyfAGTE2vTEQnr5rfRsfMmziL9TkcnQVUWm0B5Jj87koBex8v6PPmAXwRRKJsV2C4FslfxJyl9u2Z7jUsMtXQujlSJPdhe+XquXeotF+NjjcVVfqV2JMTAamnDk=/body.raw","download_path":"/api/testing_message_parts/QEVuQwFAEAAbdvA8vyfAGTE2vTEQnr5rfRsfMmziL9TkcnQVUWm0B5Jj87koBex8v6PPmAXwRRKJsV2C4FslfxJyl9u2Z7jUsMtXQujlSJPdhe+XquXeotF+NjjcVVfqV2JMTAamnDk=/body.eml","html_source_path":"/api/testing_message_parts/QEVuQwFAEAAbdvA8vyfAGTE2vTEQnr5rfRsfMmziL9TkcnQVUWm0B5Jj87koBex8v6PPmAXwRRKJsV2C4FslfxJyl9u2Z7jUsMtXQujlSJPdhe+XquXeotF+NjjcVVfqV2JMTAamnDk=/body.htmlsource","blacklists_report_info":{"result":"success","domain":"example.com","ip":"23.192.228.80","report":[{"name":"BACKSCATTERER","url":"http://www.backscatterer.org/index.php","in_black_list":false},{"name":"BARRACUDA","url":"http://barracudacentral.org/rbl","in_black_list":false},{"name":"Spamrbl IMP-SPAM","url":"http://antispam.imp.ch/?lng=1","in_black_list":false},{"name":"Wormrbl IMP-SPAM","url":"http://antispam.imp.ch/?lng=1","in_black_list":false},{"name":"LASHBACK","url":"http://blacklist.lashback.com/","in_black_list":false},{"name":"NIXSPAM","url":"https://www.heise.de/ix/NiX-Spam-DNSBL-and-blacklist-for-download-499637.html","in_black_list":false},{"name":"PSBL","url":"https://psbl.org/","in_black_list":false},{"name":"SORBS-SPAM","url":"http://www.sorbs.net/lookup.shtml","in_black_list":false},{"name":"SPAMCOP","url":"http://spamcop.net/bl.shtml","in_black_list":false},{"name":"TRUNCATE","url":"http://www.gbudb.com/truncate/index.jsp","in_black_list":false}]},"smtp_information":{"ok":false}},{"id":5023070592,"inbox_id":3072753,"subject":"Verify Email Address","sent_at":"2025-08-04T11:07:22.000Z","from_email":"hello@example.com","from_name":"Capsure","to_email":"daisysoares@example.com","to_name":"","email_size":13194,"is_read":true,"created_at":"2025-08-04T11:07:22.458Z","updated_at":"2025-08-04T11:39:42.292Z","template_id":null,"template_variables":null,"html_body_size":11282,"text_body_size":872,"human_size":"13 KB","html_path":"/api/testing_message_parts/QEVuQwFAEAC9fOq59D4jdHM9Ote8IYMeYY8nQX3rst%2FO2TbNB48izNCdb0v%2FIZsUMg0Ru9lhM4yOfuukaN43G1x0A1qWRgeYloTGIr4Np5KmlQ0oQ8ddVfciJsgQ2Dr7cHg4S7Qz9mI=/body.html","txt_path":"/api/testing_message_parts/QEVuQwFAEAC9fOq59D4jdHM9Ote8IYMeYY8nQX3rst%2FO2TbNB48izNCdb0v%2FIZsUMg0Ru9lhM4yOfuukaN43G1x0A1qWRgeYloTGIr4Np5KmlQ0oQ8ddVfciJsgQ2Dr7cHg4S7Qz9mI=/body.txt","raw_path":"/api/testing_message_parts/QEVuQwFAEAC9fOq59D4jdHM9Ote8IYMeYY8nQX3rst%2FO2TbNB48izNCdb0v%2FIZsUMg0Ru9lhM4yOfuukaN43G1x0A1qWRgeYloTGIr4Np5KmlQ0oQ8ddVfciJsgQ2Dr7cHg4S7Qz9mI=/body.raw","download_path":"/api/testing_message_parts/QEVuQwFAEAC9fOq59D4jdHM9Ote8IYMeYY8nQX3rst%2FO2TbNB48izNCdb0v%2FIZsUMg0Ru9lhM4yOfuukaN43G1x0A1qWRgeYloTGIr4Np5KmlQ0oQ8ddVfciJsgQ2Dr7cHg4S7Qz9mI=/body.eml","html_source_path":"/api/testing_message_parts/QEVuQwFAEAC9fOq59D4jdHM9Ote8IYMeYY8nQX3rst%2FO2TbNB48izNCdb0v%2FIZsUMg0Ru9lhM4yOfuukaN43G1x0A1qWRgeYloTGIr4Np5KmlQ0oQ8ddVfciJsgQ2Dr7cHg4S7Qz9mI=/body.htmlsource","blacklists_report_info":{"result":"success","domain":"example.com","ip":"23.215.0.136","report":[{"name":"BACKSCATTERER","url":"http://www.backscatterer.org/index.php","in_black_list":false},{"name":"BARRACUDA","url":"http://barracudacentral.org/rbl","in_black_list":false},{"name":"Spamrbl IMP-SPAM","url":"http://antispam.imp.ch/?lng=1","in_black_list":false},{"name":"Wormrbl IMP-SPAM","url":"http://antispam.imp.ch/?lng=1","in_black_list":false},{"name":"LASHBACK","url":"http://blacklist.lashback.com/","in_black_list":false},{"name":"NIXSPAM","url":"https://www.heise.de/ix/NiX-Spam-DNSBL-and-blacklist-for-download-499637.html","in_black_list":false},{"name":"PSBL","url":"https://psbl.org/","in_black_list":false},{"name":"SORBS-SPAM","url":"http://www.sorbs.net/lookup.shtml","in_black_list":false},{"name":"SPAMCOP","url":"http://spamcop.net/bl.shtml","in_black_list":false},{"name":"TRUNCATE","url":"http://www.gbudb.com/truncate/index.jsp","in_black_list":false}]},"smtp_information":{"ok":false}},{"id":5023066932,"inbox_id":3072753,"subject":"Verify Email Address","sent_at":"2025-08-04T11:04:46.000Z","from_email":"hello@example.com","from_name":"Capsure","to_email":"daisysoares@example.com","to_name":"","email_size":13194,"is_read":true,"created_at":"2025-08-04T11:04:46.767Z","updated_at":"2025-08-04T11:39:42.292Z","template_id":null,"template_variables":null,"html_body_size":11282,"text_body_size":872,"human_size":"13 KB","html_path":"/api/testing_message_parts/QEVuQwFAEAAfZut9Q0fr%2FYbnYTh2ljRYm9JWHURkZ%2FiL7kkQw58l1GzA31QkYGqG7StkwKf4xXILEvPE2eZHAAd4ahhWoLzSLHCa19DRK9aX7IyP6Z7JzEyWCXxkA+96DmZbj+HeqE0=/body.html","txt_path":"/api/testing_message_parts/QEVuQwFAEAAfZut9Q0fr%2FYbnYTh2ljRYm9JWHURkZ%2FiL7kkQw58l1GzA31QkYGqG7StkwKf4xXILEvPE2eZHAAd4ahhWoLzSLHCa19DRK9aX7IyP6Z7JzEyWCXxkA+96DmZbj+HeqE0=/body.txt","raw_path":"/api/testing_message_parts/QEVuQwFAEAAfZut9Q0fr%2FYbnYTh2ljRYm9JWHURkZ%2FiL7kkQw58l1GzA31QkYGqG7StkwKf4xXILEvPE2eZHAAd4ahhWoLzSLHCa19DRK9aX7IyP6Z7JzEyWCXxkA+96DmZbj+HeqE0=/body.raw","download_path":"/api/testing_message_parts/QEVuQwFAEAAfZut9Q0fr%2FYbnYTh2ljRYm9JWHURkZ%2FiL7kkQw58l1GzA31QkYGqG7StkwKf4xXILEvPE2eZHAAd4ahhWoLzSLHCa19DRK9aX7IyP6Z7JzEyWCXxkA+96DmZbj+HeqE0=/body.eml","html_source_path":"/api/testing_message_parts/QEVuQwFAEAAfZut9Q0fr%2FYbnYTh2ljRYm9JWHURkZ%2FiL7kkQw58l1GzA31QkYGqG7StkwKf4xXILEvPE2eZHAAd4ahhWoLzSLHCa19DRK9aX7IyP6Z7JzEyWCXxkA+96DmZbj+HeqE0=/body.htmlsource","blacklists_report_info":{"result":"success","domain":"example.com","ip":"96.7.128.198","report":[{"name":"BACKSCATTERER","url":"http://www.backscatterer.org/index.php","in_black_list":false},{"name":"BARRACUDA","url":"http://barracudacentral.org/rbl","in_black_list":false},{"name":"Spamrbl IMP-SPAM","url":"http://antispam.imp.ch/?lng=1","in_black_list":false},{"name":"Wormrbl IMP-SPAM","url":"http://antispam.imp.ch/?lng=1","in_black_list":false},{"name":"LASHBACK","url":"http://blacklist.lashback.com/","in_black_list":false},{"name":"NIXSPAM","url":"https://www.heise.de/ix/NiX-Spam-DNSBL-and-blacklist-for-download-499637.html","in_black_list":false},{"name":"PSBL","url":"https://psbl.org/","in_black_list":false},{"name":"SORBS-SPAM","url":"http://www.sorbs.net/lookup.shtml","in_black_list":false},{"name":"SPAMCOP","url":"http://spamcop.net/bl.shtml","in_black_list":false},{"name":"TRUNCATE","url":"http://www.gbudb.com/truncate/index.jsp","in_black_list":false}]},"smtp_information":{"ok":false}},{"id":5023056490,"inbox_id":3072753,"subject":"Verify Email Address","sent_at":"2025-08-04T10:57:32.000Z","from_email":"hello@example.com","from_name":"Capsure","to_email":"daisysoares@example.com","to_name":"","email_size":13194,"is_read":true,"created_at":"2025-08-04T10:57:33.308Z","updated_at":"2025-08-04T10:58:06.008Z","template_id":null,"template_variables":null,"html_body_size":11282,"text_body_size":872,"human_size":"13 KB","html_path":"/api/testing_message_parts/QEVuQwFAEABxySfKnAhdCqwsneJMf%2FoTf5LklcvAHMmlU9Fv4mB8yaxcJllYRQAkzeqEfcu5WJ7AE+MF%2F2z+e8HuWLgGWd+WQEc8ylUbTOWvXaesjIJdwx62Z6H1hrtfRS%2FjgMPaC4I=/body.html","txt_path":"/api/testing_message_parts/QEVuQwFAEABxySfKnAhdCqwsneJMf%2FoTf5LklcvAHMmlU9Fv4mB8yaxcJllYRQAkzeqEfcu5WJ7AE+MF%2F2z+e8HuWLgGWd+WQEc8ylUbTOWvXaesjIJdwx62Z6H1hrtfRS%2FjgMPaC4I=/body.txt","raw_path":"/api/testing_message_parts/QEVuQwFAEABxySfKnAhdCqwsneJMf%2FoTf5LklcvAHMmlU9Fv4mB8yaxcJllYRQAkzeqEfcu5WJ7AE+MF%2F2z+e8HuWLgGWd+WQEc8ylUbTOWvXaesjIJdwx62Z6H1hrtfRS%2FjgMPaC4I=/body.raw","download_path":"/api/testing_message_parts/QEVuQwFAEABxySfKnAhdCqwsneJMf%2FoTf5LklcvAHMmlU9Fv4mB8yaxcJllYRQAkzeqEfcu5WJ7AE+MF%2F2z+e8HuWLgGWd+WQEc8ylUbTOWvXaesjIJdwx62Z6H1hrtfRS%2FjgMPaC4I=/body.eml","html_source_path":"/api/testing_message_parts/QEVuQwFAEABxySfKnAhdCqwsneJMf%2FoTf5LklcvAHMmlU9Fv4mB8yaxcJllYRQAkzeqEfcu5WJ7AE+MF%2F2z+e8HuWLgGWd+WQEc8ylUbTOWvXaesjIJdwx62Z6H1hrtfRS%2FjgMPaC4I=/body.htmlsource","blacklists_report_info":{"result":"success","domain":"example.com","ip":"23.192.228.84","report":[{"name":"BACKSCATTERER","url":"http://www.backscatterer.org/index.php","in_black_list":false},{"name":"BARRACUDA","url":"http://barracudacentral.org/rbl","in_black_list":false},{"name":"Spamrbl IMP-SPAM","url":"http://antispam.imp.ch/?lng=1","in_black_list":false},{"name":"Wormrbl IMP-SPAM","url":"http://antispam.imp.ch/?lng=1","in_black_list":false},{"name":"LASHBACK","url":"http://blacklist.lashback.com/","in_black_list":false},{"name":"NIXSPAM","url":"https://www.heise.de/ix/NiX-Spam-DNSBL-and-blacklist-for-download-499637.html","in_black_list":false},{"name":"PSBL","url":"https://psbl.org/","in_black_list":false},{"name":"SORBS-SPAM","url":"http://www.sorbs.net/lookup.shtml","in_black_list":false},{"name":"SPAMCOP","url":"http://spamcop.net/bl.shtml","in_black_list":false},{"name":"TRUNCATE","url":"http://www.gbudb.com/truncate/index.jsp","in_black_list":false}]},"smtp_information":{"ok":false}},{"id":5023053299,"inbox_id":3072753,"subject":"Verify Email Address","sent_at":"2025-08-04T10:54:33.000Z","from_email":"hello@example.com","from_name":"Capsure","to_email":"daisysoares@example.com","to_name":"","email_size":13194,"is_read":true,"created_at":"2025-08-04T10:54:34.264Z","updated_at":"2025-08-04T11:39:42.292Z","template_id":null,"template_variables":null,"html_body_size":11282,"text_body_size":872,"human_size":"13 KB","html_path":"/api/testing_message_parts/QEVuQwFAEABsARp32kPptkE1A6N9cBiK5zNjcHAEC2BfgHm2v0SSTS8ZvGDrKux3z+hQ9mjYWifvlQrR6zJX2JHFm+8xVr5zQOitU2Btucx+vDzqWLT+NgmpqyIfwpARHKlpK3TCi8Q=/body.html","txt_path":"/api/testing_message_parts/QEVuQwFAEABsARp32kPptkE1A6N9cBiK5zNjcHAEC2BfgHm2v0SSTS8ZvGDrKux3z+hQ9mjYWifvlQrR6zJX2JHFm+8xVr5zQOitU2Btucx+vDzqWLT+NgmpqyIfwpARHKlpK3TCi8Q=/body.txt","raw_path":"/api/testing_message_parts/QEVuQwFAEABsARp32kPptkE1A6N9cBiK5zNjcHAEC2BfgHm2v0SSTS8ZvGDrKux3z+hQ9mjYWifvlQrR6zJX2JHFm+8xVr5zQOitU2Btucx+vDzqWLT+NgmpqyIfwpARHKlpK3TCi8Q=/body.raw","download_path":"/api/testing_message_parts/QEVuQwFAEABsARp32kPptkE1A6N9cBiK5zNjcHAEC2BfgHm2v0SSTS8ZvGDrKux3z+hQ9mjYWifvlQrR6zJX2JHFm+8xVr5zQOitU2Btucx+vDzqWLT+NgmpqyIfwpARHKlpK3TCi8Q=/body.eml","html_source_path":"/api/testing_message_parts/QEVuQwFAEABsARp32kPptkE1A6N9cBiK5zNjcHAEC2BfgHm2v0SSTS8ZvGDrKux3z+hQ9mjYWifvlQrR6zJX2JHFm+8xVr5zQOitU2Btucx+vDzqWLT+NgmpqyIfwpARHKlpK3TCi8Q=/body.htmlsource","blacklists_report_info":{"result":"success","domain":"example.com","ip":"23.192.228.84","report":[{"name":"BACKSCATTERER","url":"http://www.backscatterer.org/index.php","in_black_list":false},{"name":"BARRACUDA","url":"http://barracudacentral.org/rbl","in_black_list":false},{"name":"Spamrbl IMP-SPAM","url":"http://antispam.imp.ch/?lng=1","in_black_list":false},{"name":"Wormrbl IMP-SPAM","url":"http://antispam.imp.ch/?lng=1","in_black_list":false},{"name":"LASHBACK","url":"http://blacklist.lashback.com/","in_black_list":false},{"name":"NIXSPAM","url":"https://www.heise.de/ix/NiX-Spam-DNSBL-and-blacklist-for-download-499637.html","in_black_list":false},{"name":"PSBL","url":"https://psbl.org/","in_black_list":false},{"name":"SORBS-SPAM","url":"http://www.sorbs.net/lookup.shtml","in_black_list":false},{"name":"SPAMCOP","url":"http://spamcop.net/bl.shtml","in_black_list":false},{"name":"TRUNCATE","url":"http://www.gbudb.com/truncate/index.jsp","in_black_list":false}]},"smtp_information":{"ok":false}}]</msg>
<arg>Raw response body: ${resp.text}</arg>
<doc>Logs the given message with the given level.</doc>
<status status="PASS" start="2025-08-05T13:50:47.340575" elapsed="0.001107"/>
</kw>
<kw name="Should Be Equal As Integers" owner="BuiltIn">
<msg time="2025-08-05T13:50:47.342507" level="INFO">Argument types are:
&lt;class 'int'&gt;
&lt;class 'str'&gt;</msg>
<arg>${resp.status_code}</arg>
<arg>200</arg>
<doc>Fails if objects are unequal after converting them to integers.</doc>
<status status="PASS" start="2025-08-05T13:50:47.341850" elapsed="0.000756"/>
</kw>
<kw name="Set Variable" owner="BuiltIn">
<msg time="2025-08-05T13:50:47.345223" level="INFO">${messages} = [{'id': 5024634468, 'inbox_id': 3072753, 'subject': 'Verify Email Address', 'sent_at': '2025-08-05T05:50:44.000Z', 'from_email': 'hello@example.com', 'from_name': 'Capsure', 'to_email': 'redwyvern@exa...</msg>
<var>${messages}</var>
<arg>${resp.json()}</arg>
<doc>Returns the given values which can then be assigned to a variables.</doc>
<status status="PASS" start="2025-08-05T13:50:47.342793" elapsed="0.002512"/>
</kw>
<kw name="Log" owner="BuiltIn">
<msg time="2025-08-05T13:50:47.346364" level="INFO">Parsed JSON : [{'id': 5024634468, 'inbox_id': 3072753, 'subject': 'Verify Email Address', 'sent_at': '2025-08-05T05:50:44.000Z', 'from_email': 'hello@example.com', 'from_name': 'Capsure', 'to_email': 'redwyvern@example.com', 'to_name': '', 'email_size': 13192, 'is_read': False, 'created_at': '2025-08-05T05:50:44.601Z', 'updated_at': '2025-08-05T05:50:44.656Z', 'template_id': None, 'template_variables': None, 'html_body_size': 11282, 'text_body_size': 872, 'human_size': '13 KB', 'html_path': '/api/testing_message_parts/QEVuQwFAEACQEXKM3bNNbZw1LJDn%2FEmsS2HkGHuGQpUequhg5NQDtg++TguvEXYWUbaJS6rUA0RbJsFLVWkA4R+TAXsIim4KJiY7ThWLuxj3DnYTSlbnCsJVA%2FFlnLu%2Fjj14ExMAZA0=/body.html', 'txt_path': '/api/testing_message_parts/QEVuQwFAEACQEXKM3bNNbZw1LJDn%2FEmsS2HkGHuGQpUequhg5NQDtg++TguvEXYWUbaJS6rUA0RbJsFLVWkA4R+TAXsIim4KJiY7ThWLuxj3DnYTSlbnCsJVA%2FFlnLu%2Fjj14ExMAZA0=/body.txt', 'raw_path': '/api/testing_message_parts/QEVuQwFAEACQEXKM3bNNbZw1LJDn%2FEmsS2HkGHuGQpUequhg5NQDtg++TguvEXYWUbaJS6rUA0RbJsFLVWkA4R+TAXsIim4KJiY7ThWLuxj3DnYTSlbnCsJVA%2FFlnLu%2Fjj14ExMAZA0=/body.raw', 'download_path': '/api/testing_message_parts/QEVuQwFAEACQEXKM3bNNbZw1LJDn%2FEmsS2HkGHuGQpUequhg5NQDtg++TguvEXYWUbaJS6rUA0RbJsFLVWkA4R+TAXsIim4KJiY7ThWLuxj3DnYTSlbnCsJVA%2FFlnLu%2Fjj14ExMAZA0=/body.eml', 'html_source_path': '/api/testing_message_parts/QEVuQwFAEACQEXKM3bNNbZw1LJDn%2FEmsS2HkGHuGQpUequhg5NQDtg++TguvEXYWUbaJS6rUA0RbJsFLVWkA4R+TAXsIim4KJiY7ThWLuxj3DnYTSlbnCsJVA%2FFlnLu%2Fjj14ExMAZA0=/body.htmlsource', 'blacklists_report_info': {'result': 'success', 'domain': 'example.com', 'ip': '96.7.128.175', 'report': [{'name': 'BACKSCATTERER', 'url': 'http://www.backscatterer.org/index.php', 'in_black_list': False}, {'name': 'BARRACUDA', 'url': 'http://barracudacentral.org/rbl', 'in_black_list': False}, {'name': 'Spamrbl IMP-SPAM', 'url': 'http://antispam.imp.ch/?lng=1', 'in_black_list': False}, {'name': 'Wormrbl IMP-SPAM', 'url': 'http://antispam.imp.ch/?lng=1', 'in_black_list': False}, {'name': 'LASHBACK', 'url': 'http://blacklist.lashback.com/', 'in_black_list': False}, {'name': 'NIXSPAM', 'url': 'https://www.heise.de/ix/NiX-Spam-DNSBL-and-blacklist-for-download-499637.html', 'in_black_list': False}, {'name': 'PSBL', 'url': 'https://psbl.org/', 'in_black_list': False}, {'name': 'SORBS-SPAM', 'url': 'http://www.sorbs.net/lookup.shtml', 'in_black_list': False}, {'name': 'SPAMCOP', 'url': 'http://spamcop.net/bl.shtml', 'in_black_list': False}, {'name': 'TRUNCATE', 'url': 'http://www.gbudb.com/truncate/index.jsp', 'in_black_list': False}]}, 'smtp_information': {'ok': False}}, {'id': 5024625938, 'inbox_id': 3072753, 'subject': 'Verify Email Address', 'sent_at': '2025-08-05T05:42:32.000Z', 'from_email': 'hello@example.com', 'from_name': 'Capsure', 'to_email': 'redwyvern@example.com', 'to_name': '', 'email_size': 13192, 'is_read': False, 'created_at': '2025-08-05T05:
[...]
<var>${before_url}</var>
<doc>Returns the current browser window URL.</doc>
<status status="PASS" start="2025-08-05T13:51:32.576869" elapsed="0.009032"/>
</kw>
<kw name="Fill Base Data Sign Up" owner="freelancer-common">
<kw name="Input Text" owner="SeleniumLibrary">
<msg time="2025-08-05T13:51:32.586874" level="INFO">Typing text 'Daisy' into text field 'id=first_name'.</msg>
<arg>id=first_name</arg>
<arg>Daisy</arg>
<doc>Types the given ``text`` into the text field identified by ``locator``.</doc>
<status status="PASS" start="2025-08-05T13:51:32.586619" elapsed="0.103940"/>
</kw>
<kw name="Input Password" owner="SeleniumLibrary">
<msg time="2025-08-05T13:51:32.691182" level="INFO">Typing password into text field 'id=last_name'.</msg>
<msg time="2025-08-05T13:51:32.746442" level="INFO">Temporally setting log level to: NONE</msg>
<arg>id=last_name</arg>
<arg>Soares</arg>
<doc>Types the given password into the text field identified by ``locator``.</doc>
<status status="PASS" start="2025-08-05T13:51:32.690915" elapsed="0.133424"/>
</kw>
<kw name="Input Text" owner="SeleniumLibrary">
<msg time="2025-08-05T13:51:32.824886" level="INFO">Typing text 'daisysoares@example.com' into text field 'id=email'.</msg>
<arg>id=email</arg>
<arg>${FREELANCER_SIGNUP_EMAIL}</arg>
<doc>Types the given ``text`` into the text field identified by ``locator``.</doc>
<status status="PASS" start="2025-08-05T13:51:32.824595" elapsed="0.145726"/>
</kw>
<kw name="Input Password" owner="SeleniumLibrary">
<msg time="2025-08-05T13:51:32.970966" level="INFO">Typing password into text field 'id=password'.</msg>
<msg time="2025-08-05T13:51:33.027596" level="INFO">Temporally setting log level to: NONE</msg>
<arg>id=password</arg>
<arg>${FREELANCER_SIGNUP_PASSWORD}</arg>
<doc>Types the given password into the text field identified by ``locator``.</doc>
<status status="PASS" start="2025-08-05T13:51:32.970622" elapsed="0.144364"/>
</kw>
<kw name="Input Password" owner="SeleniumLibrary">
<msg time="2025-08-05T13:51:33.115587" level="INFO">Typing password into text field 'id=password_confirmation'.</msg>
<msg time="2025-08-05T13:51:33.178293" level="INFO">Temporally setting log level to: NONE</msg>
<arg>id=password_confirmation</arg>
<arg>${FREELANCER_SIGNUP_PASSWORD}</arg>
<doc>Types the given password into the text field identified by ``locator``.</doc>
<status status="PASS" start="2025-08-05T13:51:33.115246" elapsed="0.155690"/>
</kw>
<kw name="Select From List By Value" owner="SeleniumLibrary">
<msg time="2025-08-05T13:51:33.271876" level="INFO">Selecting options from selection list 'id=job_category' by value Arts.</msg>
<arg>id=job_category</arg>
<arg>Arts</arg>
<doc>Selects options from selection list ``locator`` by ``values``.</doc>
<status status="PASS" start="2025-08-05T13:51:33.271440" elapsed="0.111529"/>
</kw>
<kw name="Select From List By Value" owner="SeleniumLibrary">
<msg time="2025-08-05T13:51:33.383567" level="INFO">Selecting options from selection list 'id=job_title' by value Painter.</msg>
<arg>id=job_title</arg>
<arg>Painter</arg>
<doc>Selects options from selection list ``locator`` by ``values``.</doc>
<status status="PASS" start="2025-08-05T13:51:33.383267" elapsed="0.110908"/>
</kw>
<kw name="Input Text" owner="SeleniumLibrary">
<msg time="2025-08-05T13:51:33.494944" level="INFO">Typing text '200' into text field 'id=job_fee'.</msg>
<arg>id=job_fee</arg>
<arg>200</arg>
<doc>Types the given ``text`` into the text field identified by ``locator``.</doc>
<status status="PASS" start="2025-08-05T13:51:33.494552" elapsed="0.133026"/>
</kw>
<kw name="Select From List By Label" owner="SeleniumLibrary">
<msg time="2025-08-05T13:51:33.628086" level="INFO">Selecting options from selection list 'id=fee_type' by label per hour.</msg>
<arg>id=fee_type</arg>
<arg>per hour</arg>
<doc>Selects options from selection list ``locator`` by ``labels``.</doc>
<status status="PASS" start="2025-08-05T13:51:33.627827" elapsed="0.149222"/>
</kw>
<kw name="Select From List By Value" owner="SeleniumLibrary">
<msg time="2025-08-05T13:51:33.777653" level="INFO">Selecting options from selection list 'id=birth_month' by value 2.</msg>
<arg>id=birth_month</arg>
<arg>2</arg>
<doc>Selects options from selection list ``locator`` by ``values``.</doc>
<status status="PASS" start="2025-08-05T13:51:33.777329" elapsed="0.099692"/>
</kw>
<kw name="Select From List By Value" owner="SeleniumLibrary">
<msg time="2025-08-05T13:51:33.877557" level="INFO">Selecting options from selection list 'id=birth_day' by value 15.</msg>
<arg>id=birth_day</arg>
<arg>15</arg>
<doc>Selects options from selection list ``locator`` by ``values``.</doc>
<status status="PASS" start="2025-08-05T13:51:33.877280" elapsed="0.102557"/>
</kw>
<kw name="Select From List By Value" owner="SeleniumLibrary">
<msg time="2025-08-05T13:51:33.980999" level="INFO">Selecting options from selection list 'id=birth_year' by value 2002.</msg>
<arg>id=birth_year</arg>
<arg>2002</arg>
<doc>Selects options from selection list ``locator`` by ``values``.</doc>
<status status="PASS" start="2025-08-05T13:51:33.980256" elapsed="0.107602"/>
</kw>
<kw name="Input Text" owner="SeleniumLibrary">
<msg time="2025-08-05T13:51:34.088441" level="INFO">Typing text 'St. 123' into text field 'id=street'.</msg>
<arg>id=street</arg>
<arg>St. 123</arg>
<doc>Types the given ``text`` into the text field identified by ``locator``.</doc>
<status status="PASS" start="2025-08-05T13:51:34.088139" elapsed="0.134702"/>
</kw>
<kw name="Input Text" owner="SeleniumLibrary">
<msg time="2025-08-05T13:51:34.223605" level="INFO">Typing text 'Barangay 123' into text field 'id=barangay'.</msg>
<arg>id=barangay</arg>
<arg>Barangay 123</arg>
<doc>Types the given ``text`` into the text field identified by ``locator``.</doc>
<status status="PASS" start="2025-08-05T13:51:34.223156" elapsed="0.139631"/>
</kw>
<kw name="Input Text" owner="SeleniumLibrary">
<msg time="2025-08-05T13:51:34.363564" level="INFO">Typing text 'CityVille' into text field 'id=city'.</msg>
<arg>id=city</arg>
<arg>CityVille</arg>
<doc>Types the given ``text`` into the text field identified by ``locator``.</doc>
<status status="PASS" start="2025-08-05T13:51:34.363149" elapsed="0.142768"/>
</kw>
<status status="PASS" start="2025-08-05T13:51:32.586228" elapsed="1.919974"/>
</kw>
<if>
<branch type="IF" condition="'${method}' == 'Invalid Email Format' or '${method}' == 'Leave Required Field Blank'">
<kw name="Input Text" owner="SeleniumLibrary">
<msg time="2025-08-05T13:51:34.507051" level="INFO">Typing text 'daisyi01jadsashas.com' into text field 'id=email'.</msg>
<arg>id=email</arg>
<arg>daisyi01jadsashas.com</arg>
<doc>Types the given ``text`` into the text field identified by ``locator``.</doc>
<status status="PASS" start="2025-08-05T13:51:34.506780" elapsed="0.136284"/>
</kw>
<kw name="Click Element" owner="SeleniumLibrary">
<msg time="2025-08-05T13:51:34.643949" level="INFO">Clicking element 'xpath=//button[@type='submit']'.</msg>
<arg>xpath=//button[@type='submit']</arg>
<doc>Click the element identified by ``locator``.</doc>
<status status="PASS" start="2025-08-05T13:51:34.643590" elapsed="0.103666"/>
</kw>
<kw name="Get Location" owner="SeleniumLibrary">
<msg time="2025-08-05T13:51:34.756967" level="INFO">${after_url} = http://localhost/register/freelancer</msg>
<var>${after_url}</var>
<doc>Returns the current browser window URL.</doc>
<status status="PASS" start="2025-08-05T13:51:34.747526" elapsed="0.009500"/>
</kw>
<kw name="Should Be Equal" owner="BuiltIn">
<arg>${before_url}</arg>
<arg>${after_url}</arg>
<doc>Fails if the given objects are unequal.</doc>
<status status="PASS" start="2025-08-05T13:51:34.757248" elapsed="0.000315"/>
</kw>
<status status="PASS" start="2025-08-05T13:51:34.506367" elapsed="0.251261"/>
</branch>
<branch type="ELSE IF" condition="'${method}' == 'Mismatched Password and Confirm Password'">
<kw name="Input Password" owner="SeleniumLibrary">
<arg>id=password</arg>
<arg>${FREELANCER_SIGNUP_PASSWORD}</arg>
<doc>Types the given password into the text field identified by ``locator``.</doc>
<status status="NOT RUN" start="2025-08-05T13:51:34.757844" elapsed="0.000038"/>
</kw>
<kw name="Input Password" owner="SeleniumLibrary">
<arg>id=password_confirmation</arg>
<arg>password1234!</arg>
<doc>Types the given password into the text field identified by ``locator``.</doc>
<status status="NOT RUN" start="2025-08-05T13:51:34.758008" elapsed="0.000034"/>
</kw>
<kw name="Click Element" owner="SeleniumLibrary">
<arg>xpath=//button[@type='submit']</arg>
<doc>Click the element identified by ``locator``.</doc>
<status status="NOT RUN" start="2025-08-05T13:51:34.758168" elapsed="0.000034"/>
</kw>
<kw name="Get Location" owner="SeleniumLibrary">
<var>${after_url}</var>
<doc>Returns the current browser window URL.</doc>
<status status="NOT RUN" start="2025-08-05T13:51:34.758410" elapsed="0.000037"/>
</kw>
<kw name="Should Be Equal" owner="BuiltIn">
<arg>${before_url}</arg>
<arg>${after_url}</arg>
<doc>Fails if the given objects are unequal.</doc>
<status status="NOT RUN" start="2025-08-05T13:51:34.758608" elapsed="0.000037"/>
</kw>
<kw name="Element Should Be Visible" owner="SeleniumLibrary">
<arg>xpath=//span[normalize-space(.)="The password field confirmation does not match."]</arg>
<doc>Verifies that the element identified by ``locator`` is visible.</doc>
<status status="NOT RUN" start="2025-08-05T13:51:34.758772" elapsed="0.000036"/>
</kw>
<status status="NOT RUN" start="2025-08-05T13:51:34.757690" elapsed="0.001168"/>
</branch>
<status status="PASS" start="2025-08-05T13:51:34.506317" elapsed="0.252589"/>
</if>
<var name="${method}">Leave Required Field Blank</var>
<status status="PASS" start="2025-08-05T13:51:32.387778" elapsed="2.371163"/>
</iter>
<var>${method}</var>
<value>@{invalid_methods}</value>
<status status="PASS" start="2025-08-05T13:51:26.935853" elapsed="7.823154"/>
</for>
<doc>This keyword performs the negative testing of register freelancer flow.</doc>
<status status="PASS" start="2025-08-05T13:51:26.934905" elapsed="7.824208"/>
</kw>
<kw name="Capture Overwrite Screenshot" owner="common">
<kw name="Run Keyword And Ignore Error" owner="BuiltIn">
<kw name="Remove File" owner="OperatingSystem">
<msg time="2025-08-05T13:51:34.760786" level="INFO" html="true">Removed file '&lt;a href="file:///home/errol-john/Documents/capsure-automation-tests/screenshots/freelancer/sign_up_invalid.png"&gt;/home/errol-john/Documents/capsure-automation-tests/screenshots/freelancer/sign_up_invalid.png&lt;/a&gt;'.</msg>
<arg>${screenshot_path}</arg>
<doc>Removes a file with the given path.</doc>
<status status="PASS" start="2025-08-05T13:51:34.759944" elapsed="0.000928"/>
</kw>
<arg>Remove File</arg>
<arg>${screenshot_path}</arg>
<doc>Runs the given keyword with the given arguments and ignores possible error.</doc>
<status status="PASS" start="2025-08-05T13:51:34.759750" elapsed="0.001208"/>
</kw>
<kw name="Capture Page Screenshot" owner="SeleniumLibrary">
<msg time="2025-08-05T13:51:35.544503" level="INFO" html="true">&lt;/td&gt;&lt;/tr&gt;&lt;tr&gt;&lt;td colspan="3"&gt;&lt;a href="screenshots/freelancer/sign_up_invalid.png"&gt;&lt;img src="screenshots/freelancer/sign_up_invalid.png" width="800px"&gt;&lt;/a&gt;</msg>
<arg>${screenshot_path}</arg>
<doc>Takes a screenshot of the current page and embeds it into a log file.</doc>
<status status="PASS" start="2025-08-05T13:51:34.761122" elapsed="0.783538"/>
</kw>
<arg>screenshots/freelancer/sign_up_invalid.png</arg>
<doc>This keyword captures a screenshot and overwrites the existing one.</doc>
<status status="PASS" start="2025-08-05T13:51:34.759362" elapsed="0.785432"/>
</kw>
<kw name="Close All Browsers" owner="SeleniumLibrary" type="TEARDOWN">
<doc>Closes all open browsers and resets the browser cache.</doc>
<status status="PASS" start="2025-08-05T13:51:35.545204" elapsed="0.083523"/>
</kw>
<doc>ID:  TC_FRLNCR_001b | Register with invalid inputs</doc>
<status status="PASS" start="2025-08-05T13:51:23.715998" elapsed="11.914052"/>
</test>
<test id="s1-s3-s1-t3" name="Login As Freelancer" line="21">
<kw name="Login to Application" owner="common">
<kw name="Open Browser To Application" owner="common">
<kw name="Open Browser" owner="SeleniumLibrary">
<msg time="2025-08-05T13:51:35.638901" level="INFO">Opening browser 'Chrome' to base url 'http://localhost/login'.</msg>
<arg>${BASE_URL}/${target_url}</arg>
<arg>${BROWSER}</arg>
<doc>Opens a new browser instance to the optional ``url``.</doc>
<status status="PASS" start="2025-08-05T13:51:35.638488" elapsed="2.260414"/>
</kw>
<kw name="Maximize Browser Window" owner="SeleniumLibrary">
<doc>Maximizes current browser window.</doc>
<status status="PASS" start="2025-08-05T13:51:37.899169" elapsed="0.046522"/>
</kw>
<kw name="Log" owner="BuiltIn">
<msg time="2025-08-05T13:51:37.947119" level="INFO">Opened browser to http://localhost</msg>
<arg>Opened browser to ${BASE_URL}</arg>
<doc>Logs the given message with the given level.</doc>
<status status="PASS" start="2025-08-05T13:51:37.946405" elapsed="0.000825"/>
</kw>
<arg>login</arg>
<doc>This keyword opens the browser to the application base URL plus the desired target URL.</doc>
<status status="PASS" start="2025-08-05T13:51:35.638014" elapsed="2.309406"/>
</kw>
<kw name="Input Text" owner="SeleniumLibrary">
<msg time="2025-08-05T13:51:37.948162" level="INFO">Typing text 'daisy3@example.com' into text field 'id=email'.</msg>
<arg>${email_field}</arg>
<arg>${email}</arg>
<doc>Types the given ``text`` into the text field identified by ``locator``.</doc>
<status status="PASS" start="2025-08-05T13:51:37.947723" elapsed="0.195674"/>
</kw>
<kw name="Input Text" owner="SeleniumLibrary">
<msg time="2025-08-05T13:51:38.143994" level="INFO">Typing text 'password 3' into text field 'id=password'.</msg>
<arg>${password_field}</arg>
<arg>${password}</arg>
<doc>Types the given ``text`` into the text field identified by ``locator``.</doc>
<status status="PASS" start="2025-08-05T13:51:38.143674" elapsed="0.143652"/>
</kw>
<kw name="Click Button" owner="SeleniumLibrary">
<msg time="2025-08-05T13:51:38.287887" level="INFO">Clicking button 'xpath=//button[@type='submit']'.</msg>
<arg>xpath=//button[@type='submit']</arg>
<doc>Clicks the button identified by ``locator``.</doc>
<status status="PASS" start="2025-08-05T13:51:38.287629" elapsed="1.007208"/>
</kw>
<kw name="Wait Until Location Contains" owner="SeleniumLibrary">
<arg>-homepage</arg>
<arg>timeout=10s</arg>
<doc>Waits until the current URL contains ``expected``.</doc>
<status status="PASS" start="2025-08-05T13:51:39.295149" elapsed="0.009196"/>
</kw>
<kw name="Get Location" owner="SeleniumLibrary">
<msg time="2025-08-05T13:51:39.312371" level="INFO">${url} = http://localhost/freelancer-homepage</msg>
<var>${url}</var>
<doc>Returns the current browser window URL.</doc>
<status status="PASS" start="2025-08-05T13:51:39.304642" elapsed="0.007856"/>
</kw>
<kw name="Log" owner="BuiltIn">
<msg time="2025-08-05T13:51:39.313121" level="INFO">Current URL: http://localhost/freelancer-homepage</msg>
<arg>Current URL: ${url}</arg>
<doc>Logs the given message with the given level.</doc>
<status status="PASS" start="2025-08-05T13:51:39.312831" elapsed="0.000367"/>
</kw>
<if>
<branch type="IF" condition="'${url}' == '${BASE_URL}/client-homepage'">
<kw name="Log" owner="BuiltIn">
<arg>Successfully logged in as Client.</arg>
<doc>Logs the given message with the given level.</doc>
<status status="NOT RUN" start="2025-08-05T13:51:39.313658" elapsed="0.000039"/>
</kw>
<status status="NOT RUN" start="2025-08-05T13:51:39.313322" elapsed="0.000428"/>
</branch>
<branch type="ELSE IF" condition="'${url}' == '${BASE_URL}/freelancer-homepage'">
<kw name="Log" owner="BuiltIn">
<msg time="2025-08-05T13:51:39.314168" level="INFO">Successfully logged in as Freelancer.</msg>
<arg>Successfully logged in as Freelancer.</arg>
<doc>Logs the given message with the given level.</doc>
<status status="PASS" start="2025-08-05T13:51:39.314030" elapsed="0.000201"/>
</kw>
<status status="PASS" start="2025-08-05T13:51:39.313801" elapsed="0.000500"/>
</branch>
<branch type="ELSE">
<kw name="Fail" owner="BuiltIn">
<arg>Login failed, still on login page.</arg>
<doc>Fails the test with the given message and optionally alters its tags.</doc>
<status status="NOT RUN" start="2025-08-05T13:51:39.314562" elapsed="0.000049"/>
</kw>
<status status="NOT RUN" start="2025-08-05T13:51:39.314368" elapsed="0.000294"/>
</branch>
<status status="PASS" start="2025-08-05T13:51:39.313288" elapsed="0.001416"/>
</if>
<arg>${FREELANCER_EMAIL}</arg>
<arg>${FREELANCER_PASSWORD}</arg>
<doc>This keyword logs in to the application using provided credentials.</doc>
<status status="PASS" start="2025-08-05T13:51:35.637173" elapsed="3.677623"/>
</kw>
<kw name="Capture Overwrite Screenshot" owner="common">
<kw name="Run Keyword And Ignore Error" owner="BuiltIn">
<kw name="Remove File" owner="OperatingSystem">
<msg time="2025-08-05T13:51:39.316190" level="INFO" html="true">Removed file '&lt;a href="file:///home/errol-john/Documents/capsure-automation-tests/screenshots/freelancer/successful_login_freelancer.png"&gt;/home/errol-john/Documents/capsure-automation-tests/screenshots/freelancer/successful_login_freelancer.png&lt;/a&gt;'.</msg>
<arg>${screenshot_path}</arg>
<doc>Removes a file with the given path.</doc>
<status status="PASS" start="2025-08-05T13:51:39.315874" elapsed="0.000397"/>
</kw>
<arg>Remove File</arg>
<arg>${screenshot_path}</arg>
<doc>Runs the given keyword with the given arguments and ignores possible error.</doc>
<status status="PASS" start="2025-08-05T13:51:39.315673" elapsed="0.000694"/>
</kw>
<kw name="Capture Page Screenshot" owner="SeleniumLibrary">
<msg time="2025-08-05T13:51:39.684925" level="INFO" html="true">&lt;/td&gt;&lt;/tr&gt;&lt;tr&gt;&lt;td colspan="3"&gt;&lt;a href="screenshots/freelancer/successful_login_freelancer.png"&gt;&lt;img src="screenshots/freelancer/successful_login_freelancer.png" width="800px"&gt;&lt;/a&gt;</msg>
<arg>${screenshot_path}</arg>
<doc>Takes a screenshot of the current page and embeds it into a log file.</doc>
<status status="PASS" start="2025-08-05T13:51:39.316543" elapsed="0.368533"/>
</kw>
<arg>screenshots/freelancer/successful_login_freelancer.png</arg>
<doc>This keyword captures a screenshot and overwrites the existing one.</doc>
<status status="PASS" start="2025-08-05T13:51:39.315086" elapsed="0.370131"/>
</kw>
<kw name="Close All Browsers" owner="SeleniumLibrary" type="TEARDOWN">
<doc>Closes all open browsers and resets the browser cache.</doc>
<status status="PASS" start="2025-08-05T13:51:39.685590" elapsed="0.074626"/>
</kw>
<doc>ID:  TC_FRLNCR_002a | Login with valid freelancer credentials</doc>
<status status="PASS" start="2025-08-05T13:51:35.632043" elapsed="4.128575"/>
</test>
<status status="PASS" start="2025-08-05T13:51:06.441274" elapsed="33.320269"/>
</suite>
<status status="PASS" start="2025-08-05T13:51:06.438197" elapsed="33.324456"/>
</suite>
<status status="PASS" start="2025-08-05T13:50:29.533520" elapsed="70.230061"/>
</suite>
<statistics>
<total>
<stat pass="7" fail="0" skip="0">All Tests</stat>
</total>
<tag>
</tag>
<suite>
<stat name="Tests" id="s1" pass="7" fail="0" skip="0">Tests</stat>
<stat name="Admin" id="s1-s1" pass="1" fail="0" skip="0">Tests.Admin</stat>
<stat name="Account-Management" id="s1-s1-s1" pass="1" fail="0" skip="0">Tests.Admin.Account-Management</stat>
<stat name="Client" id="s1-s2" pass="3" fail="0" skip="0">Tests.Client</stat>
<stat name="Account-Management" id="s1-s2-s1" pass="3" fail="0" skip="0">Tests.Client.Account-Management</stat>
<stat name="Freelancer" id="s1-s3" pass="3" fail="0" skip="0">Tests.Freelancer</stat>
<stat name="Account-Management" id="s1-s3-s1" pass="3" fail="0" skip="0">Tests.Freelancer.Account-Management</stat>
</suite>
</statistics>
<errors>
</errors>
</robot>
